\BOOKMARK [0][-]{Doc-Start}{Certificate}{}% 1
\BOOKMARK [0][-]{Doc-Start}{Academic Integrity and Copyright Disclaimer}{}% 2
\BOOKMARK [0][-]{Doc-Start}{Acknowledgement}{}% 3
\BOOKMARK [0][-]{Doc-Start}{Abstract}{}% 4
\BOOKMARK [0][-]{Doc-Start}{List of Symbols or Abbreviations}{}% 5
\BOOKMARK [0][-]{Doc-Start}{List of Figures}{}% 6
\BOOKMARK [0][-]{chapter*.1}{List of Tables}{}% 7
\BOOKMARK [0][-]{chapter.1}{Introduction}{}% 8
\BOOKMARK [1][-]{section.1.1}{Artifical Neural Networks \(ANNs\)}{chapter.1}% 9
\BOOKMARK [2][-]{subsection.1.1.1}{Architecture}{section.1.1}% 10
\BOOKMARK [2][-]{subsection.1.1.2}{Activation Function}{section.1.1}% 11
\BOOKMARK [2][-]{subsection.1.1.3}{Forward Propagation}{section.1.1}% 12
\BOOKMARK [2][-]{subsection.1.1.4}{Gradient Descent}{section.1.1}% 13
\BOOKMARK [2][-]{subsection.1.1.5}{Backpropagation}{section.1.1}% 14
\BOOKMARK [1][-]{section.1.2}{Character recognition system using neural network}{chapter.1}% 15
\BOOKMARK [2][-]{subsection.1.2.1}{Neural architecture}{section.1.2}% 16
\BOOKMARK [1][-]{section.1.3}{Neural Network using Spintronics}{chapter.1}% 17
\BOOKMARK [2][-]{subsection.1.3.1}{Magnetic Anisotropy}{section.1.3}% 18
\BOOKMARK [2][-]{subsection.1.3.2}{Magnetic Field along In-plane: Easy and Hard axis}{section.1.3}% 19
\BOOKMARK [2][-]{subsection.1.3.3}{Perpendicular Magnetic Anisotropy}{section.1.3}% 20
\BOOKMARK [2][-]{subsection.1.3.4}{Magnetostriction}{section.1.3}% 21
\BOOKMARK [2][-]{subsection.1.3.5}{Multiferroics and Multiferroic Composites}{section.1.3}% 22
\BOOKMARK [2][-]{subsection.1.3.6}{Giant Magnetoresistance \(GMR\)}{section.1.3}% 23
\BOOKMARK [2][-]{subsection.1.3.7}{Tunnelling Magnetoresistance \(TMR\)}{section.1.3}% 24
\BOOKMARK [1][-]{section.1.4}{Magnetic Thermal Annealing}{chapter.1}% 25
\BOOKMARK [2][-]{subsection.1.4.1}{Magnetic Thermal Annealing experimental system}{section.1.4}% 26
\BOOKMARK [1][-]{section.1.5}{Ferro-magnteic Resonance \(FMR\)}{chapter.1}% 27
\BOOKMARK [1][-]{section.1.6}{Electron Beam Lithography}{chapter.1}% 28
\BOOKMARK [2][-]{subsection.1.6.1}{Procedure}{section.1.6}% 29
\BOOKMARK [1][-]{section.1.7}{Magnetic Force Microscopy \(MFM\)}{chapter.1}% 30
\BOOKMARK [1][-]{section.1.8}{Vibrating Sample Magnetometer \(VSM\)}{chapter.1}% 31
\BOOKMARK [1][-]{section.1.9}{X-ray Reflectivity \(XRR\)}{chapter.1}% 32
\BOOKMARK [1][-]{section.1.10}{Experimental Apparatus}{chapter.1}% 33
\BOOKMARK [2][-]{subsection.1.10.1}{Spin Coater}{section.1.10}% 34
\BOOKMARK [2][-]{subsection.1.10.2}{Shaker}{section.1.10}% 35
\BOOKMARK [2][-]{subsection.1.10.3}{Hot Plate}{section.1.10}% 36
\BOOKMARK [2][-]{subsection.1.10.4}{Ultrasonic Cleaner}{section.1.10}% 37
\BOOKMARK [2][-]{subsection.1.10.5}{Hot Air Oven}{section.1.10}% 38
\BOOKMARK [2][-]{subsection.1.10.6}{Rota Mantle}{section.1.10}% 39
\BOOKMARK [2][-]{subsection.1.10.7}{Nitrogrn Gun}{section.1.10}% 40
\BOOKMARK [2][-]{subsection.1.10.8}{Vacuum Desiccator}{section.1.10}% 41
\BOOKMARK [2][-]{subsection.1.10.9}{Muffle Furnace}{section.1.10}% 42
\BOOKMARK [2][-]{subsection.1.10.10}{Fume Hood}{section.1.10}% 43
\BOOKMARK [2][-]{subsection.1.10.11}{Source Measuring Unit \(SMU\)}{section.1.10}% 44
\BOOKMARK [2][-]{subsection.1.10.12}{Power Supply}{section.1.10}% 45
\BOOKMARK [2][-]{subsection.1.10.13}{Probe Station}{section.1.10}% 46
\BOOKMARK [2][-]{subsection.1.10.14}{Oscilloscope}{section.1.10}% 47
\BOOKMARK [0][-]{chapter.2}{Results}{}% 48
\BOOKMARK [1][-]{section.2.1}{Character recognition system using neural network}{chapter.2}% 49
\BOOKMARK [2][-]{subsection.2.1.1}{Neural architecture modeling}{section.2.1}% 50
\BOOKMARK [2][-]{subsection.2.1.2}{Model output}{section.2.1}% 51
\BOOKMARK [1][-]{section.2.2}{Improvement of magnetization using Magnetic Thermal Annealing \(MTA\)}{chapter.2}% 52
\BOOKMARK [1][-]{section.2.3}{Development of LabView environment for different instruments}{chapter.2}% 53
\BOOKMARK [2][-]{subsection.2.3.1}{Power supply}{section.2.3}% 54
\BOOKMARK [2][-]{subsection.2.3.2}{Electromagnet}{section.2.3}% 55
\BOOKMARK [2][-]{subsection.2.3.3}{Signal generator}{section.2.3}% 56
\BOOKMARK [2][-]{subsection.2.3.4}{Spectrum analyzer}{section.2.3}% 57
\BOOKMARK [2][-]{subsection.2.3.5}{Lock-in amplifier}{section.2.3}% 58
\BOOKMARK [1][-]{section.2.4}{Development of Ferromagnetic resonance system}{chapter.2}% 59
\BOOKMARK [2][-]{subsection.2.4.1}{Characteristic impedance of coaxial cable}{section.2.4}% 60
\BOOKMARK [2][-]{subsection.2.4.2}{Measurement of loss in the coaxial cable, connectors and the waveguide}{section.2.4}% 61
\BOOKMARK [2][-]{subsection.2.4.3}{FMR result}{section.2.4}% 62
\BOOKMARK [2][-]{subsection.2.4.4}{Schootky diode measurement results}{section.2.4}% 63
\BOOKMARK [1][-]{section.2.5}{Sputtering deposition}{chapter.2}% 64
\BOOKMARK [1][-]{section.2.6}{Neuromorphic devices using multiferroics}{chapter.2}% 65
\BOOKMARK [2][-]{subsection.2.6.1}{Multiferroics}{section.2.6}% 66
\BOOKMARK [2][-]{subsection.2.6.2}{Read unit using tunnelling junctions}{section.2.6}% 67
\BOOKMARK [2][-]{subsection.2.6.3}{Device architecture}{section.2.6}% 68
\BOOKMARK [0][-]{chapter.3}{Conclusions and discussions}{}% 69
\BOOKMARK [0][-]{section*.50}{Appendices}{}% 70
\BOOKMARK [1][-]{section.1..1}{Basic Definitions}{section*.50}% 71
\BOOKMARK [1][-]{section.1..2}{Additional Theorems}{section*.50}% 72
\BOOKMARK [0][-]{appendix*.51}{Bibliography}{}% 73
