This is pdfTeX, Version 3.14159265-2.6-1.40.20 (MiKTeX 2.9.7140 64-bit) (preloaded format=pdflatex 2019.8.14)  22 JUL 2022 23:54
entering extended mode
**./Thesis.tex
(Thesis.tex
LaTeX2e <2018-12-01>
(thesis.cls
Document Class: thesis 1996/25/01 1.0g LaTeX document class (wm).
\hours=\count80
\minutes=\count81
("C:\Users\HP\AppData\Local\Programs\MiKTeX 2.9\tex/latex/base\bk12.clo"
File: bk12.clo 2018/09/03 v1.4i Standard LaTeX file (size option)
)
\c@part=\count82
\c@chapter=\count83
\c@section=\count84
\c@subsection=\count85
\c@subsubsection=\count86
\c@paragraph=\count87
\c@subparagraph=\count88
\beforechaptervspace=\skip41
\afterchaptervspace=\skip42
\exampleindent=\skip43
\c@figure=\count89
\c@table=\count90
\abovecaptionskip=\skip44
\belowcaptionskip=\skip45
\bibindent=\dimen102
)
("C:\Users\HP\AppData\Local\Programs\MiKTeX 2.9\tex/latex/amsmath\amsmath.sty"
Package: amsmath 2018/12/01 v2.17b AMS math features
\@mathmargin=\skip46

For additional information on amsmath, use the `?' option.
("C:\Users\HP\AppData\Local\Programs\MiKTeX 2.9\tex/latex/amsmath\amstext.sty"
Package: amstext 2000/06/29 v2.01 AMS text

("C:\Users\HP\AppData\Local\Programs\MiKTeX 2.9\tex/latex/amsmath\amsgen.sty"
File: amsgen.sty 1999/11/30 v2.0 generic functions
\@emptytoks=\toks14
\ex@=\dimen103
)) ("C:\Users\HP\AppData\Local\Programs\MiKTeX 2.9\tex/latex/amsmath\amsbsy.sty
"
Package: amsbsy 1999/11/29 v1.2d Bold Symbols
\pmbraise@=\dimen104
) ("C:\Users\HP\AppData\Local\Programs\MiKTeX 2.9\tex/latex/amsmath\amsopn.sty"
Package: amsopn 2016/03/08 v2.02 operator names
)
\inf@bad=\count91
LaTeX Info: Redefining \frac on input line 223.
\uproot@=\count92
\leftroot@=\count93
LaTeX Info: Redefining \overline on input line 385.
\classnum@=\count94
\DOTSCASE@=\count95
LaTeX Info: Redefining \ldots on input line 482.
LaTeX Info: Redefining \dots on input line 485.
LaTeX Info: Redefining \cdots on input line 606.
\Mathstrutbox@=\box27
\strutbox@=\box28
\big@size=\dimen105
LaTeX Font Info:    Redeclaring font encoding OML on input line 729.
LaTeX Font Info:    Redeclaring font encoding OMS on input line 730.
\macc@depth=\count96
\c@MaxMatrixCols=\count97
\dotsspace@=\muskip10
\c@parentequation=\count98
\dspbrk@lvl=\count99
\tag@help=\toks15
\row@=\count100
\column@=\count101
\maxfields@=\count102
\andhelp@=\toks16
\eqnshift@=\dimen106
\alignsep@=\dimen107
\tagshift@=\dimen108
\tagwidth@=\dimen109
\totwidth@=\dimen110
\lineht@=\dimen111
\@envbody=\toks17
\multlinegap=\skip47
\multlinetaggap=\skip48
\mathdisplay@stack=\toks18
LaTeX Info: Redefining \[ on input line 2844.
LaTeX Info: Redefining \] on input line 2845.
) ("C:\Users\HP\AppData\Local\Programs\MiKTeX 2.9\tex/latex/amscls\amsthm.sty"
Package: amsthm 2017/10/31 v2.20.4
\thm@style=\toks19
\thm@bodyfont=\toks20
\thm@headfont=\toks21
\thm@notefont=\toks22
\thm@headpunct=\toks23
\thm@preskip=\skip49
\thm@postskip=\skip50
\thm@headsep=\skip51
\dth@everypar=\toks24
) ("C:\Users\HP\AppData\Local\Programs\MiKTeX 2.9\tex/latex/amsfonts\amssymb.st
y"
Package: amssymb 2013/01/14 v3.01 AMS font symbols

("C:\Users\HP\AppData\Local\Programs\MiKTeX 2.9\tex/latex/amsfonts\amsfonts.sty
"
Package: amsfonts 2013/01/14 v3.01 Basic AMSFonts support
\symAMSa=\mathgroup4
\symAMSb=\mathgroup5
LaTeX Font Info:    Overwriting math alphabet `\mathfrak' in version `bold'
(Font)                  U/euf/m/n --> U/euf/b/n on input line 106.
))
("C:\Users\HP\AppData\Local\Programs\MiKTeX 2.9\tex/latex/setspace\setspace.sty
"
Package: setspace 2011/12/19 v6.7a set line spacing
)
("C:\Users\HP\AppData\Local\Programs\MiKTeX 2.9\tex/latex/hyperref\hyperref.sty
"
Package: hyperref 2019/06/12 v6.88h Hypertext links for LaTeX

("C:\Users\HP\AppData\Local\Programs\MiKTeX 2.9\tex/generic/oberdiek\hobsub-hyp
erref.sty"
Package: hobsub-hyperref 2016/05/16 v1.14 Bundle oberdiek, subset hyperref (HO)


("C:\Users\HP\AppData\Local\Programs\MiKTeX 2.9\tex/generic/oberdiek\hobsub-gen
eric.sty"
Package: hobsub-generic 2016/05/16 v1.14 Bundle oberdiek, subset generic (HO)
Package: hobsub 2016/05/16 v1.14 Construct package bundles (HO)
Package: infwarerr 2016/05/16 v1.4 Providing info/warning/error messages (HO)
Package: ltxcmds 2016/05/16 v1.23 LaTeX kernel commands for general use (HO)
Package: ifluatex 2016/05/16 v1.4 Provides the ifluatex switch (HO)
Package ifluatex Info: LuaTeX not detected.
Package: ifvtex 2016/05/16 v1.6 Detect VTeX and its facilities (HO)
Package ifvtex Info: VTeX not detected.
Package: intcalc 2016/05/16 v1.2 Expandable calculations with integers (HO)
Package: ifpdf 2018/09/07 v3.3 Provides the ifpdf switch
Package: etexcmds 2016/05/16 v1.6 Avoid name clashes with e-TeX commands (HO)
Package: kvsetkeys 2016/05/16 v1.17 Key value parser (HO)
Package: kvdefinekeys 2016/05/16 v1.4 Define keys (HO)
Package: pdftexcmds 2019/07/25 v0.30 Utility functions of pdfTeX for LuaTeX (HO
)
Package pdftexcmds Info: LuaTeX not detected.
Package pdftexcmds Info: \pdf@primitive is available.
Package pdftexcmds Info: \pdf@ifprimitive is available.
Package pdftexcmds Info: \pdfdraftmode found.
Package: pdfescape 2016/05/16 v1.14 Implements pdfTeX's escape features (HO)
Package: bigintcalc 2016/05/16 v1.4 Expandable calculations on big integers (HO
)
Package: bitset 2016/05/16 v1.2 Handle bit-vector datatype (HO)
Package: uniquecounter 2016/05/16 v1.3 Provide unlimited unique counter (HO)
)
Package hobsub Info: Skipping package `hobsub' (already loaded).
Package: letltxmacro 2016/05/16 v1.5 Let assignment for LaTeX macros (HO)
Package: hopatch 2016/05/16 v1.3 Wrapper for package hooks (HO)
Package: xcolor-patch 2016/05/16 xcolor patch
Package: atveryend 2016/05/16 v1.9 Hooks at the very end of document (HO)
Package atveryend Info: \enddocument detected (standard20110627).
Package: atbegshi 2016/06/09 v1.18 At begin shipout hook (HO)
Package: refcount 2016/05/16 v3.5 Data extraction from label references (HO)
Package: hycolor 2016/05/16 v1.8 Color options for hyperref/bookmark (HO)
)
("C:\Users\HP\AppData\Local\Programs\MiKTeX 2.9\tex/latex/graphics\keyval.sty"
Package: keyval 2014/10/28 v1.15 key=value parser (DPC)
\KV@toks@=\toks25
) ("C:\Users\HP\AppData\Local\Programs\MiKTeX 2.9\tex/generic/ifxetex\ifxetex.s
ty"
Package: ifxetex 2010/09/12 v0.6 Provides ifxetex conditional
)
("C:\Users\HP\AppData\Local\Programs\MiKTeX 2.9\tex/latex/oberdiek\auxhook.sty"
Package: auxhook 2016/05/16 v1.4 Hooks for auxiliary files (HO)
)
("C:\Users\HP\AppData\Local\Programs\MiKTeX 2.9\tex/latex/oberdiek\kvoptions.st
y"
Package: kvoptions 2016/05/16 v3.12 Key value format for package options (HO)
)
\@linkdim=\dimen112
\Hy@linkcounter=\count103
\Hy@pagecounter=\count104

("C:\Users\HP\AppData\Local\Programs\MiKTeX 2.9\tex/latex/hyperref\pd1enc.def"
File: pd1enc.def 2019/06/12 v6.88h Hyperref: PDFDocEncoding definition (HO)
Now handling font encoding PD1 ...
... no UTF-8 mapping file for font encoding PD1
)
\Hy@SavedSpaceFactor=\count105
("C:\Users\HP\AppData\Local\Programs\MiKTeX 2.9\tex/latex/00miktex\hyperref.cfg
"
File: hyperref.cfg 2002/06/06 v1.2 hyperref configuration of TeXLive
)
Package hyperref Info: Hyper figures OFF on input line 4550.
Package hyperref Info: Link nesting OFF on input line 4555.
Package hyperref Info: Hyper index ON on input line 4558.
Package hyperref Info: Plain pages OFF on input line 4565.
Package hyperref Info: Backreferencing OFF on input line 4570.
Package hyperref Info: Implicit mode ON; LaTeX internals redefined.
Package hyperref Info: Bookmarks ON on input line 4803.
\c@Hy@tempcnt=\count106
 ("C:\Users\HP\AppData\Local\Programs\MiKTeX 2.9\tex/latex/url\url.sty"
\Urlmuskip=\muskip11
Package: url 2013/09/16  ver 3.4  Verb mode for urls, etc.
)
LaTeX Info: Redefining \url on input line 5156.
\XeTeXLinkMargin=\dimen113
\Fld@menulength=\count107
\Field@Width=\dimen114
\Fld@charsize=\dimen115
Package hyperref Info: Hyper figures OFF on input line 6411.
Package hyperref Info: Link nesting OFF on input line 6416.
Package hyperref Info: Hyper index ON on input line 6419.
Package hyperref Info: backreferencing OFF on input line 6426.
Package hyperref Info: Link coloring OFF on input line 6431.
Package hyperref Info: Link coloring with OCG OFF on input line 6436.
Package hyperref Info: PDF/A mode OFF on input line 6441.
LaTeX Info: Redefining \ref on input line 6481.
LaTeX Info: Redefining \pageref on input line 6485.
\Hy@abspage=\count108
\c@Item=\count109
\c@Hfootnote=\count110
)
Package hyperref Info: Driver: hpdftex.

("C:\Users\HP\AppData\Local\Programs\MiKTeX 2.9\tex/latex/hyperref\hpdftex.def"
File: hpdftex.def 2019/06/12 v6.88h Hyperref driver for pdfTeX
\Fld@listcount=\count111
\c@bookmark@seq@number=\count112

("C:\Users\HP\AppData\Local\Programs\MiKTeX 2.9\tex/latex/oberdiek\rerunfileche
ck.sty"
Package: rerunfilecheck 2016/05/16 v1.8 Rerun checks for auxiliary files (HO)
Package uniquecounter Info: New unique counter `rerunfilecheck' on input line 2
82.
)
\Hy@SectionHShift=\skip52
)
Package hyperref Info: Option `colorlinks' set `true' on input line 34.

("C:\Users\HP\AppData\Local\Programs\MiKTeX 2.9\tex/latex/caption\caption.sty"
Package: caption 2022/03/01 v3.6b Customizing captions (AR)

("C:\Users\HP\AppData\Local\Programs\MiKTeX 2.9\tex/latex/caption\caption3.sty"
Package: caption3 2022/03/17 v2.3b caption3 kernel (AR)
\caption@tempdima=\dimen116
\captionmargin=\dimen117
\caption@leftmargin=\dimen118
\caption@rightmargin=\dimen119
\caption@width=\dimen120
\caption@indent=\dimen121
\caption@parindent=\dimen122
\caption@hangindent=\dimen123
Package caption Info: thesis document class detected.

("C:\Users\HP\AppData\Local\Programs\MiKTeX 2.9\tex/latex/caption\caption-thesi
s.sto"
File: caption-thesis.sto 2020/08/22 v2.0 Adaption of the caption package to the
 thesis document class (AR)
))
\c@caption@flags=\count113
\c@continuedfloat=\count114
Package caption Info: hyperref package is loaded.
)
("C:\Users\HP\AppData\Local\Programs\MiKTeX 2.9\tex/latex/caption\subcaption.st
y"
Package: subcaption 2022/01/07 v1.5 Sub-captions (AR)
\c@subfigure=\count115
\c@subtable=\count116
) ("C:\Users\HP\AppData\Local\Programs\MiKTeX 2.9\tex/latex/float\float.sty"
Package: float 2001/11/08 v1.3d Float enhancements (AL)
\c@float@type=\count117
\float@exts=\toks26
\float@box=\box29
\@float@everytoks=\toks27
\@floatcapt=\box30
) ("C:\Users\HP\AppData\Local\Programs\MiKTeX 2.9\tex/latex/graphics\graphicx.s
ty"
Package: graphicx 2017/06/01 v1.1a Enhanced LaTeX Graphics (DPC,SPQR)

("C:\Users\HP\AppData\Local\Programs\MiKTeX 2.9\tex/latex/graphics\graphics.sty
"
Package: graphics 2017/06/25 v1.2c Standard LaTeX Graphics (DPC,SPQR)
 ("C:\Users\HP\AppData\Local\Programs\MiKTeX 2.9\tex/latex/graphics\trig.sty"
Package: trig 2016/01/03 v1.10 sin cos tan (DPC)
)
("C:\Users\HP\AppData\Local\Programs\MiKTeX 2.9\tex/latex/graphics-cfg\graphics
.cfg"
File: graphics.cfg 2016/06/04 v1.11 sample graphics configuration
)
Package graphics Info: Driver file: pdftex.def on input line 99.

("C:\Users\HP\AppData\Local\Programs\MiKTeX 2.9\tex/latex/graphics-def\pdftex.d
ef"
File: pdftex.def 2018/01/08 v1.0l Graphics/color driver for pdftex
))
\Gin@req@height=\dimen124
\Gin@req@width=\dimen125
)
("C:\Users\HP\AppData\Local\Programs\MiKTeX 2.9\tex/latex/oberdiek\epstopdf.sty
"
Package: epstopdf 2016/05/15 v2.6 Conversion with epstopdf on the fly (HO)

("C:\Users\HP\AppData\Local\Programs\MiKTeX 2.9\tex/latex/oberdiek\epstopdf-bas
e.sty"
Package: epstopdf-base 2016/05/15 v2.6 Base part for package epstopdf

("C:\Users\HP\AppData\Local\Programs\MiKTeX 2.9\tex/latex/oberdiek\grfext.sty"
Package: grfext 2016/05/16 v1.2 Manage graphics extensions (HO)
)
Package epstopdf-base Info: Redefining graphics rule for `.eps' on input line 4
38.
Package grfext Info: Graphics extension search list:
(grfext)             [.pdf,.png,.jpg,.mps,.jpeg,.jbig2,.jb2,.PDF,.PNG,.JPG,.JPE
G,.JBIG2,.JB2,.eps]
(grfext)             \AppendGraphicsExtensions on input line 456.
))
("C:\Users\HP\AppData\Local\Programs\MiKTeX 2.9\tex/latex/appendix\appendix.sty
"
Package: appendix 2020/02/08 v1.2c extra appendix facilities
\c@@pps=\count118
\c@@ppsavesec=\count119
\c@@ppsaveapp=\count120
)

Package amsthm Warning: Unknown theoremstyle `thm' on input line 46.

\c@thm=\count121
(Thesis.aux)
\openout1 = `Thesis.aux'.

LaTeX Font Info:    Checking defaults for OML/cmm/m/it on input line 117.
LaTeX Font Info:    ... okay on input line 117.
LaTeX Font Info:    Checking defaults for T1/cmr/m/n on input line 117.
LaTeX Font Info:    ... okay on input line 117.
LaTeX Font Info:    Checking defaults for OT1/cmr/m/n on input line 117.
LaTeX Font Info:    ... okay on input line 117.
LaTeX Font Info:    Checking defaults for OMS/cmsy/m/n on input line 117.
LaTeX Font Info:    ... okay on input line 117.
LaTeX Font Info:    Checking defaults for OMX/cmex/m/n on input line 117.
LaTeX Font Info:    ... okay on input line 117.
LaTeX Font Info:    Checking defaults for U/cmr/m/n on input line 117.
LaTeX Font Info:    ... okay on input line 117.
LaTeX Font Info:    Checking defaults for PD1/pdf/m/n on input line 117.
LaTeX Font Info:    ... okay on input line 117.
\AtBeginShipoutBox=\box31

("C:\Users\HP\AppData\Local\Programs\MiKTeX 2.9\tex/latex/graphics\color.sty"
Package: color 2016/07/10 v1.1e Standard LaTeX Color (DPC)

("C:\Users\HP\AppData\Local\Programs\MiKTeX 2.9\tex/latex/graphics-cfg\color.cf
g"
File: color.cfg 2016/01/02 v1.6 sample color configuration
)
Package color Info: Driver file: pdftex.def on input line 147.
)
Package hyperref Info: Link coloring ON on input line 117.

("C:\Users\HP\AppData\Local\Programs\MiKTeX 2.9\tex/latex/hyperref\nameref.sty"
Package: nameref 2016/05/21 v2.44 Cross-referencing by name of section

("C:\Users\HP\AppData\Local\Programs\MiKTeX 2.9\tex/generic/oberdiek\gettitlest
ring.sty"
Package: gettitlestring 2016/05/16 v1.5 Cleanup title references (HO)
)
\c@section@level=\count122
)
LaTeX Info: Redefining \ref on input line 117.
LaTeX Info: Redefining \pageref on input line 117.
LaTeX Info: Redefining \nameref on input line 117.
 (Thesis.out) (Thesis.out)
\@outlinefile=\write3
\openout3 = `Thesis.out'.

Package caption Info: Begin \AtBeginDocument code.
Package caption Info: float package is loaded.
Package caption Info: End \AtBeginDocument code.

("C:\Users\HP\AppData\Local\Programs\MiKTeX 2.9\tex/context/base/mkii\supp-pdf.
mkii"
[Loading MPS to PDF converter (version 2006.09.02).]
\scratchcounter=\count123
\scratchdimen=\dimen126
\scratchbox=\box32
\nofMPsegments=\count124
\nofMParguments=\count125
\everyMPshowfont=\toks28
\MPscratchCnt=\count126
\MPscratchDim=\dimen127
\MPnumerator=\count127
\makeMPintoPDFobject=\count128
\everyMPtoPDFconversion=\toks29
)
<iiser_b.png, id=295, 529.98pt x 529.98pt>
File: iiser_b.png Graphic file (type png)
<use iiser_b.png>
Package pdftex.def Info: iiser_b.png  used on input line 118.
(pdftex.def)             Requested size: 105.99411pt x 105.99411pt.
 [1


{C:/Users/HP/AppData/Local/MiKTeX/2.9/pdftex/config/pdftex.map} <./iiser_b.png

pdfTeX warning: pdflatex (file ./iiser_b.png): large interlaced PNG might cause
 out of memory (use non-interlaced PNG to fix this)
>]
<Images/iiser_head.png, id=305, 470.9595pt x 82.50826pt>
File: Images/iiser_head.png Graphic file (type png)
<use Images/iiser_head.png>
Package pdftex.def Info: Images/iiser_head.png  used on input line 124.
(pdftex.def)             Requested size: 390.0pt x 68.32697pt.
LaTeX Font Info:    Try loading font information for U+msa on input line 150.
 ("C:\Users\HP\AppData\Local\Programs\MiKTeX 2.9\tex/latex/amsfonts\umsa.fd"
File: umsa.fd 2013/01/14 v3.01 AMS symbols A
)
LaTeX Font Info:    Try loading font information for U+msb on input line 150.
("C:\Users\HP\AppData\Local\Programs\MiKTeX 2.9\tex/latex/amsfonts\umsb.fd"
File: umsb.fd 2013/01/14 v3.01 AMS symbols B
)
Overfull \hbox (31.69464pt too wide) in paragraph at lines 150--159
 [] 
 []

[1 <./Images/iiser_head.png>]
Underfull \hbox (badness 10000) in paragraph at lines 165--168

 []

[2]
Underfull \hbox (badness 10000) in paragraph at lines 179--182

 []

[3] [4] [5] (Thesis.lof [6] [7])
\tf@lof=\write4
\openout4 = `Thesis.lof'.

 [8] (Thesis.toc [9

] [10])
\tf@toc=\write5
\openout5 = `Thesis.toc'.

 [11]
Chapter 1.

Overfull \hbox (9.20003pt too wide) in paragraph at lines 273--278
[][]\OT1/cmr/m/n/12 Brain-inspired neu-ro-mor-phic com-put-ing is in-tended to 
mimic our brains'
 []

pdfTeX warning (ext4): destination with the same identifier (name{page.1}) has 
been already used, duplicate ignored
<to be read again> 
                   \relax 
l.278 
       [1

] [2]
Underfull \hbox (badness 10000) in paragraph at lines 295--315

 []


Underfull \hbox (badness 10000) in paragraph at lines 295--315

 []

<Images/35.png, id=595, 518.6878pt x 214.55156pt>
File: Images/35.png Graphic file (type png)
<use Images/35.png>
Package pdftex.def Info: Images/35.png  used on input line 318.
(pdftex.def)             Requested size: 213.23322pt x 88.2037pt.
[3 <./Images/35.png>] [4]
<Images/34.png, id=608, 584.1825pt x 85.82062pt>
File: Images/34.png Graphic file (type png)
<use Images/34.png>
Package pdftex.def Info: Images/34.png  used on input line 350.
(pdftex.def)             Requested size: 290.51276pt x 42.67912pt.

Underfull \hbox (badness 10000) in paragraph at lines 354--372

 []

<Images/66.png, id=609, 501.37312pt x 389.95688pt>
File: Images/66.png Graphic file (type png)
<use Images/66.png>
Package pdftex.def Info: Images/66.png  used on input line 379.
(pdftex.def)             Requested size: 280.76703pt x 218.37436pt.
[5 <./Images/34.png>] [6 <./Images/66.png>]
<Images/38.png, id=621, 643.6547pt x 103.13531pt>
File: Images/38.png Graphic file (type png)
<use Images/38.png>
Package pdftex.def Info: Images/38.png  used on input line 396.
(pdftex.def)             Requested size: 360.44417pt x 57.75536pt.
 [7 <./Images/38.png>] [8] [9]
<Images/39.png, id=636, 399.74344pt x 362.85562pt>
File: Images/39.png Graphic file (type png)
<use Images/39.png>
Package pdftex.def Info: Images/39.png  used on input line 435.
(pdftex.def)             Requested size: 178.66905pt x 162.18062pt.

[10 <./Images/39.png>] [11]
<Images/19.png, id=656, 169.38281pt x 164.86594pt>
File: Images/19.png Graphic file (type png)
<use Images/19.png>
Package pdftex.def Info: Images/19.png  used on input line 458.
(pdftex.def)             Requested size: 94.85371pt x 92.32428pt.
 [12]
Underfull \hbox (badness 10000) in paragraph at lines 461--463

 []

<Images/20.png, id=663, 496.85625pt x 280.04625pt>
File: Images/20.png Graphic file (type png)
<use Images/20.png>
Package pdftex.def Info: Images/20.png  used on input line 467.
(pdftex.def)             Requested size: 278.2376pt x 156.82481pt.

Underfull \hbox (badness 10000) in paragraph at lines 464--469

 []

[13 <./Images/19.png> <./Images/20.png>]
<Images/21.png, id=673, 517.935pt x 270.25969pt>
File: Images/21.png Graphic file (type png)
<use Images/21.png>
Package pdftex.def Info: Images/21.png  used on input line 485.
(pdftex.def)             Requested size: 290.04161pt x 151.34438pt.

Underfull \hbox (badness 10000) in paragraph at lines 475--487

 []


Underfull \hbox (badness 10000) in paragraph at lines 475--487

 []


Underfull \hbox (badness 10000) in paragraph at lines 475--487

 []


Underfull \hbox (badness 10000) in paragraph at lines 475--487

 []

[14]
<Images/22.png, id=678, 426.09187pt x 174.6525pt>
File: Images/22.png Graphic file (type png)
<use Images/22.png>
Package pdftex.def Info: Images/22.png  used on input line 501.
(pdftex.def)             Requested size: 238.60982pt x 97.80472pt.
 [15 <./Images/21.png>]
<Images/23.png, id=686, 374.90062pt x 158.09062pt>
File: Images/23.png Graphic file (type png)
<use Images/23.png>
Package pdftex.def Info: Images/23.png  used on input line 507.
(pdftex.def)             Requested size: 209.94292pt x 88.53014pt.

Underfull \hbox (badness 10000) in paragraph at lines 510--514

 []

[16 <./Images/22.png> <./Images/23.png>] [17]
<Images/24.png, id=705, 444.15938pt x 267.24844pt>
File: Images/24.png Graphic file (type png)
<use Images/24.png>
Package pdftex.def Info: Images/24.png  used on input line 531.
(pdftex.def)             Requested size: 248.72754pt x 149.6581pt.
<Images/18.png, id=707, 313.17pt x 275.52937pt>
File: Images/18.png Graphic file (type png)
<use Images/18.png>
Package pdftex.def Info: Images/18.png  used on input line 543.
(pdftex.def)             Requested size: 175.374pt x 154.29538pt.
 [18 <./Images/24.png>]
Underfull \hbox (badness 10000) in paragraph at lines 546--555

 []

[19 <./Images/18.png>]
<Images/25.png, id=725, 550.30594pt x 392.21532pt>
File: Images/25.png Graphic file (type png)
<use Images/25.png>
Package pdftex.def Info: Images/25.png  used on input line 562.
(pdftex.def)             Requested size: 199.60464pt x 142.26378pt.
 [20 <./Images/25.png>]
<Images/26.png, id=740, 417.05812pt x 234.8775pt>
File: Images/26.png Graphic file (type png)
<use Images/26.png>
Package pdftex.def Info: Images/26.png  used on input line 574.
(pdftex.def)             Requested size: 341.43306pt x 192.29616pt.

Underfull \hbox (badness 10000) in paragraph at lines 577--581

 []

[21 <./Images/26.png>] [22]
<Images/27.png, id=762, 752.8125pt x 274.77657pt>
File: Images/27.png Graphic file (type png)
<use Images/27.png>
Package pdftex.def Info: Images/27.png  used on input line 600.
(pdftex.def)             Requested size: 421.57211pt x 153.87381pt.

Overfull \hbox (31.57211pt too wide) in paragraph at lines 600--601
 [][] 
 []

<Images/58.png, id=763, 292.09125pt x 229.60782pt>
File: Images/58.png Graphic file (type png)
<use Images/58.png>
Package pdftex.def Info: Images/58.png  used on input line 610.
(pdftex.def)             Requested size: 108.58907pt x 85.35826pt.
[23 <./Images/27.png>] [24 <./Images/58.png>]
Underfull \hbox (badness 10000) in paragraph at lines 632--634

 []

<Images/59.png, id=782, 371.13657pt x 262.73157pt>
File: Images/59.png Graphic file (type png)
<use Images/59.png>
Package pdftex.def Info: Images/59.png  used on input line 642.
(pdftex.def)             Requested size: 200.97139pt x 142.26378pt.

Underfull \hbox (badness 10000) in paragraph at lines 637--645

 []

[25]
<Images/60.png, id=790, 411.78844pt x 185.19188pt>
File: Images/60.png Graphic file (type png)
<use Images/60.png>
Package pdftex.def Info: Images/60.png  used on input line 651.
(pdftex.def)             Requested size: 199.16928pt x 89.5721pt.
 [26 <./Images/59.png> <./Images/60.png>]
Overfull \hbox (47.91908pt too wide) in paragraph at lines 667--668
[]\OT1/cmr/m/n/12 Then, the ex-posed sam-ple is placed in-side the de-vel-oper 
so-lu-tion (IPA:MIBK=3:1
 []

<Images/53.png, id=799, 628.59843pt x 365.11406pt>
File: Images/53.png Graphic file (type png)
<use Images/53.png>
Package pdftex.def Info: Images/53.png  used on input line 677.
(pdftex.def)             Requested size: 293.91623pt x 170.71652pt.
[27]
<Images/54.png, id=804, 763.35187pt x 291.33844pt>
File: Images/54.png Graphic file (type png)
<use Images/54.png>
Package pdftex.def Info: Images/54.png  used on input line 689.
(pdftex.def)             Requested size: 341.43306pt x 130.30978pt.
 [28 <./Images/53.png>] [29 <./Images/54.png>]
<Images/70.png, id=815, 449.42906pt x 261.97874pt>
File: Images/70.png Graphic file (type png)
<use Images/70.png>
Package pdftex.def Info: Images/70.png  used on input line 701.
(pdftex.def)             Requested size: 195.23946pt x 113.81102pt.
<Images/64.png, id=816, 959.83594pt x 126.4725pt>
File: Images/64.png Graphic file (type png)
<use Images/64.png>
Package pdftex.def Info: Images/64.png  used on input line 712.
(pdftex.def)             Requested size: 341.43306pt x 44.98972pt.
 [30 <./Images/70.png>]
<Images/65.png, id=822, 1445.4pt x 863.225pt>
File: Images/65.png Graphic file (type png)
<use Images/65.png>
Package pdftex.def Info: Images/65.png  used on input line 720.
(pdftex.def)             Requested size: 341.43306pt x 203.91164pt.

[31 <./Images/64.png> <./Images/65.png>]
<Images/71.jpg, id=829, 1027.84pt x 578.16pt>
File: Images/71.jpg Graphic file (type jpg)
<use Images/71.jpg>
Package pdftex.def Info: Images/71.jpg  used on input line 729.
(pdftex.def)             Requested size: 199.16928pt x 112.03056pt.
<Images/15.jpg, id=830, 1626.075pt x 754.82pt>
File: Images/15.jpg Graphic file (type jpg)
<use Images/15.jpg>
Package pdftex.def Info: Images/15.jpg  used on input line 738.
(pdftex.def)             Requested size: 199.16928pt x 92.45186pt.
<Images/72.jpg, id=831, 2890.8pt x 1626.075pt>
File: Images/72.jpg Graphic file (type jpg)
<use Images/72.jpg>
Package pdftex.def Info: Images/72.jpg  used on input line 747.
(pdftex.def)             Requested size: 199.16928pt x 112.0256pt.
 [32 <./Images/71.jpg> <./Images/15.jpg>]
<Images/74.png, id=836, 608.2725pt x 255.95625pt>
File: Images/74.png Graphic file (type png)
<use Images/74.png>
Package pdftex.def Info: Images/74.png  used on input line 756.
(pdftex.def)             Requested size: 199.16928pt x 83.80577pt.
 [33 <./Images/72.jpg> <./Images/74.png>]
<Images/73.jpg, id=842, 979.0176pt x 382.0674pt>
File: Images/73.jpg Graphic file (type jpg)
<use Images/73.jpg>
Package pdftex.def Info: Images/73.jpg  used on input line 765.
(pdftex.def)             Requested size: 199.16928pt x 77.72383pt.
<Images/16.png, id=843, 272.81924pt x 161.403pt>
File: Images/16.png Graphic file (type png)
<use Images/16.png>
Package pdftex.def Info: Images/16.png  used on input line 774.
(pdftex.def)             Requested size: 199.16928pt x 117.83305pt.
 [34 <./Images/73.jpg> <./Images/16.png>]
<Images/17.png, id=849, 281.25075pt x 141.52875pt>
File: Images/17.png Graphic file (type png)
<use Images/17.png>
Package pdftex.def Info: Images/17.png  used on input line 783.
(pdftex.def)             Requested size: 213.39566pt x 107.38155pt.
<Images/4.png, id=850, 237.88875pt x 151.16475pt>
File: Images/4.png Graphic file (type png)
<use Images/4.png>
Package pdftex.def Info: Images/4.png  used on input line 793.
(pdftex.def)             Requested size: 199.16928pt x 126.56694pt.
 [35 <./Images/17.png>]
<Images/5.png, id=856, 311.36325pt x 151.767pt>
File: Images/5.png Graphic file (type png)
<use Images/5.png>
Package pdftex.def Info: Images/5.png  used on input line 803.
(pdftex.def)             Requested size: 199.16928pt x 97.07959pt.
<Images/6.png, id=857, 298.11375pt x 168.63pt>
File: Images/6.png Graphic file (type png)
<use Images/6.png>
Package pdftex.def Info: Images/6.png  used on input line 813.
(pdftex.def)             Requested size: 199.16928pt x 112.66245pt.
 [36 <./Images/4.png> <./Images/5.png>]
<Images/7.png, id=864, 254.1495pt x 150.5625pt>
File: Images/7.png Graphic file (type png)
<use Images/7.png>
Package pdftex.def Info: Images/7.png  used on input line 823.
(pdftex.def)             Requested size: 199.16928pt x 117.99423pt.
<Images/8.png, id=865, 287.27325pt x 148.1535pt>
File: Images/8.png Graphic file (type png)
<use Images/8.png>
Package pdftex.def Info: Images/8.png  used on input line 833.
(pdftex.def)             Requested size: 199.16928pt x 102.71658pt.
 [37 <./Images/6.png> <./Images/7.png>]
<Images/9.png, id=873, 269.20575pt x 163.20975pt>
File: Images/9.png Graphic file (type png)
<use Images/9.png>
Package pdftex.def Info: Images/9.png  used on input line 845.
(pdftex.def)             Requested size: 199.16928pt x 120.7484pt.
 [38 <./Images/8.png> <./Images/9.png>]
<Images/10.png, id=880, 308.95425pt x 374.5995pt>
File: Images/10.png Graphic file (type png)
<use Images/10.png>
Package pdftex.def Info: Images/10.png  used on input line 855.
(pdftex.def)             Requested size: 117.33311pt x 142.26378pt.
<Images/11.png, id=881, 410.7345pt x 157.18726pt>
File: Images/11.png Graphic file (type png)
<use Images/11.png>
Package pdftex.def Info: Images/11.png  used on input line 865.
(pdftex.def)             Requested size: 199.16928pt x 76.22372pt.
<Images/12.png, id=882, 305.34074pt x 174.6525pt>
File: Images/12.png Graphic file (type png)
<use Images/12.png>
Package pdftex.def Info: Images/12.png  used on input line 875.
(pdftex.def)             Requested size: 199.16928pt x 113.92519pt.
 [39 <./Images/10.png> <./Images/11.png>]
<Images/13.png, id=889, 127.07475pt x 189.70876pt>
File: Images/13.png Graphic file (type png)
<use Images/13.png>
Package pdftex.def Info: Images/13.png  used on input line 885.
(pdftex.def)             Requested size: 113.81102pt x 169.9113pt.
 [40 <./Images/12.png> <./Images/13.png>] [41]
Chapter 2.
<Images/40.png, id=900, 702.625pt x 526.96875pt>
File: Images/40.png Graphic file (type png)
<use Images/40.png>
Package pdftex.def Info: Images/40.png  used on input line 900.
(pdftex.def)             Requested size: 269.35893pt x 202.01474pt.
<Images/41.png, id=901, 702.625pt x 526.96875pt>
File: Images/41.png Graphic file (type png)
<use Images/41.png>
Package pdftex.def Info: Images/41.png  used on input line 905.
(pdftex.def)             Requested size: 269.35893pt x 202.01474pt.
[42

]
<Images/42.png, id=906, 702.625pt x 526.96875pt>
File: Images/42.png Graphic file (type png)
<use Images/42.png>
Package pdftex.def Info: Images/42.png  used on input line 910.
(pdftex.def)             Requested size: 269.35893pt x 202.01474pt.
 [43 <./Images/40.png> <./Images/41.png>]
Underfull \hbox (badness 10000) in paragraph at lines 916--921

 []


Underfull \hbox (badness 10000) in paragraph at lines 924--929

 []


Underfull \hbox (badness 10000) in paragraph at lines 931--936

 []


Overfull \hbox (0.42233pt too wide) in paragraph at lines 914--937
[][]\OT1/cmr/m/n/12 The model was trained on 26 data de-pict-ing the orig-i-nal
 non-perturbed
 []


Underfull \hbox (badness 10000) in paragraph at lines 914--937

 []


Overfull \hbox (41.61346pt too wide) in paragraph at lines 914--937
[]$  $[]$
 []

<Images/37.png, id=912, 1161.33875pt x 744.7825pt>
File: Images/37.png Graphic file (type png)
<use Images/37.png>
Package pdftex.def Info: Images/37.png  used on input line 943.
(pdftex.def)             Requested size: 315.00102pt x 202.01474pt.
[44 <./Images/42.png>]
<Images/67.png, id=918, 413.1435pt x 152.36925pt>
File: Images/67.png Graphic file (type png)
<use Images/67.png>
Package pdftex.def Info: Images/67.png  used on input line 954.
(pdftex.def)             Requested size: 341.43306pt x 125.92703pt.
 [45 <./Images/37.png>]
<Images/46.png, id=924, 640.137pt x 389.82pt>
File: Images/46.png Graphic file (type png)
<use Images/46.png>
Package pdftex.def Info: Images/46.png  used on input line 977.
(pdftex.def)             Requested size: 280.3425pt x 170.71652pt.
<Images/47.png, id=925, 712.845pt x 417.852pt>
File: Images/47.png Graphic file (type png)
<use Images/47.png>
Package pdftex.def Info: Images/47.png  used on input line 984.
(pdftex.def)             Requested size: 291.235pt x 170.71652pt.
 [46 <./Images/67.png> <./Images/46.png>]
<Images/48.png, id=932, 625.245pt x 485.523pt>
File: Images/48.png Graphic file (type png)
<use Images/48.png>
Package pdftex.def Info: Images/48.png  used on input line 992.
(pdftex.def)             Requested size: 293.12102pt x 227.62204pt.
<Images/49.png, id=933, 523.9575pt x 208.98074pt>
File: Images/49.png Graphic file (type png)
<use Images/49.png>
Package pdftex.def Info: Images/49.png  used on input line 1000.
(pdftex.def)             Requested size: 293.4142pt x 117.02841pt.
 [47 <./Images/47.png> <./Images/48.png>]
<Images/50.png, id=940, 448.67625pt x 143.3355pt>
File: Images/50.png Graphic file (type png)
<use Images/50.png>
Package pdftex.def Info: Images/50.png  used on input line 1009.
(pdftex.def)             Requested size: 251.25699pt x 80.26732pt.
<Images/51.png, id=941, 558.28575pt x 224.037pt>
File: Images/51.png Graphic file (type png)
<use Images/51.png>
Package pdftex.def Info: Images/51.png  used on input line 1018.
(pdftex.def)             Requested size: 312.63788pt x 125.45985pt.
 [48 <./Images/49.png> <./Images/50.png>]
<Images/45.png, id=948, 843.90282pt x 296.60812pt>
File: Images/45.png Graphic file (type png)
<use Images/45.png>
Package pdftex.def Info: Images/45.png  used on input line 1027.
(pdftex.def)             Requested size: 341.43306pt x 120.00342pt.
<Images/62.png, id=949, 772.38562pt x 283.0575pt>
File: Images/62.png Graphic file (type png)
<use Images/62.png>
Package pdftex.def Info: Images/62.png  used on input line 1036.
(pdftex.def)             Requested size: 284.52756pt x 104.2718pt.
 [49 <./Images/51.png> <./Images/45.png>]
<Images/61.png, id=957, 710.655pt x 515.67656pt>
File: Images/61.png Graphic file (type png)
<use Images/61.png>
Package pdftex.def Info: Images/61.png  used on input line 1046.
(pdftex.def)             Requested size: 196.05423pt x 142.26378pt.
 [50 <./Images/62.png> <./Images/61.png>] [51]
<Images/63.png, id=970, 908.64468pt x 429.10312pt>
File: Images/63.png Graphic file (type png)
<use Images/63.png>
Package pdftex.def Info: Images/63.png  used on input line 1085.
(pdftex.def)             Requested size: 369.88582pt x 174.67627pt.

Underfull \hbox (badness 10000) in paragraph at lines 1121--1128

 []

[52 <./Images/63.png>]
Overfull \hbox (20.981pt too wide) in paragraph at lines 1129--1140
 [] 
 []

[53]
<Images/43.png, id=980, 687.0468pt x 423.5022pt>
File: Images/43.png Graphic file (type png)
<use Images/43.png>
Package pdftex.def Info: Images/43.png  used on input line 1159.
(pdftex.def)             Requested size: 384.74358pt x 237.15959pt.
<Images/Amazon/LF100Hz.png, id=981, 851.43094pt x 463.7325pt>
File: Images/Amazon/LF100Hz.png Graphic file (type png)
<use Images/Amazon/LF100Hz.png>
Package pdftex.def Info: Images/Amazon/LF100Hz.png  used on input line 1172.
(pdftex.def)             Requested size: 190.63338pt x 103.82584pt.

Overfull \hbox (3.43504pt too wide) in paragraph at lines 1172--1178
[][]
 []


Underfull \hbox (badness 10000) in paragraph at lines 1172--1178

 []

<Images/Amazon/LF1kHz.png, id=982, 854.44218pt x 469.00218pt>
File: Images/Amazon/LF1kHz.png Graphic file (type png)
<use Images/Amazon/LF1kHz.png>
Package pdftex.def Info: Images/Amazon/LF1kHz.png  used on input line 1182.
(pdftex.def)             Requested size: 190.63338pt x 104.63354pt.

Overfull \hbox (3.43504pt too wide) in paragraph at lines 1182--1188
[][]
 []


Underfull \hbox (badness 10000) in paragraph at lines 1182--1188

 []

<Images/Amazon/LF100kHz.png, id=983, 846.91406pt x 464.4853pt>
File: Images/Amazon/LF100kHz.png Graphic file (type png)
<use Images/Amazon/LF100kHz.png>
Package pdftex.def Info: Images/Amazon/LF100kHz.png  used on input line 1192.
(pdftex.def)             Requested size: 190.63338pt x 104.54721pt.

Overfull \hbox (3.43504pt too wide) in paragraph at lines 1192--1198
[][]
 []


Underfull \hbox (badness 10000) in paragraph at lines 1192--1198

 []

<Images/Amazon/LF1MHz.png, id=984, 851.43094pt x 463.7325pt>
File: Images/Amazon/LF1MHz.png Graphic file (type png)
<use Images/Amazon/LF1MHz.png>
Package pdftex.def Info: Images/Amazon/LF1MHz.png  used on input line 1202.
(pdftex.def)             Requested size: 190.63338pt x 103.82584pt.

Overfull \hbox (3.43504pt too wide) in paragraph at lines 1202--1208
[][]
 []


Underfull \hbox (badness 10000) in paragraph at lines 1202--1208

 []

<Images/Infinion/RF1MHz.png, id=985, 852.18375pt x 462.97969pt>
File: Images/Infinion/RF1MHz.png Graphic file (type png)
<use Images/Infinion/RF1MHz.png>
Package pdftex.def Info: Images/Infinion/RF1MHz.png  used on input line 1214.
(pdftex.def)             Requested size: 190.63338pt x 103.56544pt.

Overfull \hbox (3.43504pt too wide) in paragraph at lines 1214--1220
[][]
 []


Underfull \hbox (badness 10000) in paragraph at lines 1214--1220

 []

<Images/Infinion/RF5MHz.png, id=986, 852.18375pt x 464.4853pt>
File: Images/Infinion/RF5MHz.png Graphic file (type png)
<use Images/Infinion/RF5MHz.png>
Package pdftex.def Info: Images/Infinion/RF5MHz.png  used on input line 1224.
(pdftex.def)             Requested size: 190.63338pt x 103.90225pt.

Overfull \hbox (3.43504pt too wide) in paragraph at lines 1224--1230
[][]
 []


Underfull \hbox (badness 10000) in paragraph at lines 1224--1230

 []

<Images/Infinion/RF10MHz.png, id=987, 851.43094pt x 464.4853pt>
File: Images/Infinion/RF10MHz.png Graphic file (type png)
<use Images/Infinion/RF10MHz.png>
Package pdftex.def Info: Images/Infinion/RF10MHz.png  used on input line 1234.
(pdftex.def)             Requested size: 190.63338pt x 103.99438pt.

Overfull \hbox (3.43504pt too wide) in paragraph at lines 1234--1240
[][]
 []


Underfull \hbox (badness 10000) in paragraph at lines 1234--1240

 []

<Images/Infinion/RF20MHz.png, id=988, 849.92531pt x 465.99094pt>
File: Images/Infinion/RF20MHz.png Graphic file (type png)
<use Images/Infinion/RF20MHz.png>
Package pdftex.def Info: Images/Infinion/RF20MHz.png  used on input line 1244.
(pdftex.def)             Requested size: 190.63338pt x 104.51634pt.

Overfull \hbox (3.43504pt too wide) in paragraph at lines 1244--1250
[][]
 []


Underfull \hbox (badness 10000) in paragraph at lines 1244--1250

 []

<Images/Infinion/RF50MHz.png, id=989, 851.43094pt x 465.99094pt>
File: Images/Infinion/RF50MHz.png Graphic file (type png)
<use Images/Infinion/RF50MHz.png>
Package pdftex.def Info: Images/Infinion/RF50MHz.png  used on input line 1254.
(pdftex.def)             Requested size: 190.63338pt x 104.33148pt.

Overfull \hbox (3.43504pt too wide) in paragraph at lines 1254--1260
[][]
 []


Underfull \hbox (badness 10000) in paragraph at lines 1254--1260

 []

<Images/Infinion/RF100MHz.png, id=990, 850.67813pt x 463.7325pt>
File: Images/Infinion/RF100MHz.png Graphic file (type png)
<use Images/Infinion/RF100MHz.png>
Package pdftex.def Info: Images/Infinion/RF100MHz.png  used on input line 1264.

(pdftex.def)             Requested size: 190.63338pt x 103.91782pt.

Overfull \hbox (3.43504pt too wide) in paragraph at lines 1264--1270
[][]
 []


Underfull \hbox (badness 10000) in paragraph at lines 1264--1270

 []


Underfull \hbox (badness 5832) in paragraph at lines 1272--1273
[]\OT1/cmr/m/n/12 The in-fe-nion BAT6302 schot-tky
 []


Underfull \hbox (badness 10000) in paragraph at lines 1272--1273

 []

<Images/75.png, id=991, 587.139pt x 354.342pt>
File: Images/75.png Graphic file (type png)
<use Images/75.png>
Package pdftex.def Info: Images/75.png  used on input line 1277.
(pdftex.def)             Requested size: 190.63338pt x 115.04623pt.

Overfull \hbox (3.43504pt too wide) in paragraph at lines 1277--1279
[][] 
 []


Underfull \hbox (badness 10000) in paragraph at lines 1164--1287

 []


Underfull \hbox (badness 10000) in paragraph at lines 1164--1287

 []


Underfull \hbox (badness 10000) in paragraph at lines 1164--1287

 []


Underfull \hbox (badness 10000) in paragraph at lines 1164--1287

 []


Underfull \hbox (badness 10000) in paragraph at lines 1164--1287

 []

[54 <./Images/43.png>] [55 <./Images/Amazon/LF100Hz.png> <./Images/Amazon/LF1kH
z.png>] [56 <./Images/Amazon/LF100kHz.png> <./Images/Amazon/LF1MHz.png> <./Imag
es/Infinion/RF1MHz.png> <./Images/Infinion/RF5MHz.png>]
<Images/69.png, id=1012, 572.89032pt x 334.24875pt>
File: Images/69.png Graphic file (type png)
<use Images/69.png>
Package pdftex.def Info: Images/69.png  used on input line 1293.
(pdftex.def)             Requested size: 195.0686pt x 113.81102pt.
 [57 <./Images/Infinion/RF10MHz.png> <./Images/Infinion/RF20MHz.png> <./Images/
Infinion/RF50MHz.png> <./Images/Infinion/RF100MHz.png> <./Images/75.png>]
<Images/68.png, id=1022, 741.52031pt x 325.215pt>
File: Images/68.png Graphic file (type png)
<use Images/68.png>
Package pdftex.def Info: Images/68.png  used on input line 1302.
(pdftex.def)             Requested size: 284.52756pt x 124.78883pt.

Underfull \hbox (badness 10000) in paragraph at lines 1306--1312

 []

[58 <./Images/69.png> <./Images/68.png>]
<Images/52.png, id=1029, 1324.19719pt x 468.24937pt>
File: Images/52.png Graphic file (type png)
<use Images/52.png>
Package pdftex.def Info: Images/52.png  used on input line 1334.
(pdftex.def)             Requested size: 369.88582pt x 130.79454pt.

Underfull \hbox (badness 10000) in paragraph at lines 1313--1337

 []


Underfull \hbox (badness 10000) in paragraph at lines 1313--1337

 []


Underfull \hbox (badness 10000) in paragraph at lines 1313--1337

 []


Underfull \hbox (badness 10000) in paragraph at lines 1313--1337

 []


Overfull \hbox (2.68904pt too wide) in paragraph at lines 1313--1337
\OT1/cmr/m/n/12 Kapton/PMN-PT(50)/FeGa(2)/MgO(0.8)/CoFeB(2)/Ta(5)/Ru(5)/Cr or A
u 
 []


Underfull \hbox (badness 10000) in paragraph at lines 1313--1337

 []

[59] [60 <./Images/52.png>]
<Images/56.png, id=1039, 683.55376pt x 161.85469pt>
File: Images/56.png Graphic file (type png)
<use Images/56.png>
Package pdftex.def Info: Images/56.png  used on input line 1346.
(pdftex.def)             Requested size: 369.88582pt x 87.58545pt.
<Images/57.png, id=1042, 1039.63406pt x 274.02374pt>
File: Images/57.png Graphic file (type png)
<use Images/57.png>
Package pdftex.def Info: Images/57.png  used on input line 1355.
(pdftex.def)             Requested size: 369.88582pt x 97.49025pt.
 [61 <./Images/56.png>] [62 <./Images/57.png>]
[63]
Underfull \hbox (badness 10000) in paragraph at lines 1384--1386

 []


Underfull \hbox (badness 10000) in paragraph at lines 1388--1393

 []

[64]
Chapter 3.
[65

] (Thesis.bbl [66] [67

] [68]
Underfull \hbox (badness 1577) in paragraph at lines 144--148
[]\OT1/cmr/m/n/12 News.  Switch-ing up spin.  \OT1/cmr/m/it/12 Na-ture\OT1/cmr/
m/n/12 , 476(375), Aug. 25, 2011.
 []

[69] [70])
Package atveryend Info: Empty hook `BeforeClearDocument' on input line 1425.
 [71]
Package atveryend Info: Empty hook `AfterLastShipout' on input line 1425.
 (Thesis.aux)
Package atveryend Info: Executing hook `AtVeryEndDocument' on input line 1425.
Package atveryend Info: Executing hook `AtEndAfterFileList' on input line 1425.

Package rerunfilecheck Info: File `Thesis.out' has not changed.
(rerunfilecheck)             Checksum: 86BDEF157392E57D499C508FB01D1A1A;5436.
Package atveryend Info: Empty hook `AtVeryVeryEnd' on input line 1425.
 ) 
Here is how much of TeX's memory you used:
 8472 strings out of 492895
 130092 string characters out of 3125136
 214613 words of memory out of 3000000
 11965 multiletter control sequences out of 15000+200000
 11364 words of font info for 42 fonts, out of 3000000 for 9000
 1141 hyphenation exceptions out of 8191
 37i,9n,43p,1036b,431s stack positions out of 5000i,500n,10000p,200000b,50000s
<C:/Users/HP/AppData/Local/Programs/MiKTeX 2.9/fonts/type1/public/amsfonts/cm
/cmbx10.pfb><C:/Users/HP/AppData/Local/Programs/MiKTeX 2.9/fonts/type1/public/a
msfonts/cm/cmbx12.pfb><C:/Users/HP/AppData/Local/Programs/MiKTeX 2.9/fonts/type
1/public/amsfonts/cm/cmex10.pfb><C:/Users/HP/AppData/Local/Programs/MiKTeX 2.9/
fonts/type1/public/amsfonts/cm/cmmi12.pfb><C:/Users/HP/AppData/Local/Programs/M
iKTeX 2.9/fonts/type1/public/amsfonts/cm/cmmi6.pfb><C:/Users/HP/AppData/Local/P
rograms/MiKTeX 2.9/fonts/type1/public/amsfonts/cm/cmmi8.pfb><C:/Users/HP/AppDat
a/Local/Programs/MiKTeX 2.9/fonts/type1/public/amsfonts/cm/cmr12.pfb><C:/Users/
HP/AppData/Local/Programs/MiKTeX 2.9/fonts/type1/public/amsfonts/cm/cmr6.pfb><C
:/Users/HP/AppData/Local/Programs/MiKTeX 2.9/fonts/type1/public/amsfonts/cm/cmr
8.pfb><C:/Users/HP/AppData/Local/Programs/MiKTeX 2.9/fonts/type1/public/amsfont
s/cm/cmsy10.pfb><C:/Users/HP/AppData/Local/Programs/MiKTeX 2.9/fonts/type1/publ
ic/amsfonts/cm/cmsy8.pfb><C:/Users/HP/AppData/Local/Programs/MiKTeX 2.9/fonts/t
ype1/public/amsfonts/cm/cmti12.pfb><C:/Users/HP/AppData/Local/Programs/MiKTeX 2
.9/fonts/type1/public/amsfonts/symbols/msam10.pfb>
Output written on Thesis.pdf (83 pages, 8855140 bytes).
PDF statistics:
 1205 PDF objects out of 1440 (max. 8388607)
 260 named destinations out of 1000 (max. 500000)
 955 words of extra memory for PDF output out of 10000 (max. 10000000)

