\BOOKMARK [0][-]{section*.2}{Certificate}{}% 1
\BOOKMARK [0][-]{section*.3}{Academic Integrity and Copyright Disclaimer}{}% 2
\BOOKMARK [0][-]{section*.4}{Acknowledgement}{}% 3
\BOOKMARK [0][-]{section*.5}{Abstract}{}% 4
\BOOKMARK [0][-]{section*.6}{List of Symbols or Abbreviations}{}% 5
\BOOKMARK [0][-]{section*.7}{List of Figures}{}% 6
\BOOKMARK [0][-]{chapter.1}{Introduction}{}% 7
\BOOKMARK [1][-]{section.1.1}{Artifical Neural Networks}{chapter.1}% 8
\BOOKMARK [2][-]{subsection.1.1.1}{Architecture}{section.1.1}% 9
\BOOKMARK [2][-]{subsection.1.1.2}{Activation function}{section.1.1}% 10
\BOOKMARK [2][-]{subsection.1.1.3}{Forward propagation}{section.1.1}% 11
\BOOKMARK [2][-]{subsection.1.1.4}{Gradient descent}{section.1.1}% 12
\BOOKMARK [2][-]{subsection.1.1.5}{Backpropagation}{section.1.1}% 13
\BOOKMARK [1][-]{section.1.2}{Character recognition system using neural network}{chapter.1}% 14
\BOOKMARK [2][-]{subsection.1.2.1}{Neural architecture}{section.1.2}% 15
\BOOKMARK [1][-]{section.1.3}{Neural network using spintronics}{chapter.1}% 16
\BOOKMARK [2][-]{subsection.1.3.1}{Magnetic anisotropy}{section.1.3}% 17
\BOOKMARK [2][-]{subsection.1.3.2}{Magnetic field along in-plane: easy and hard axis}{section.1.3}% 18
\BOOKMARK [2][-]{subsection.1.3.3}{Perpendicular Magnetic Anisotropy}{section.1.3}% 19
\BOOKMARK [2][-]{subsection.1.3.4}{Magnetostriction}{section.1.3}% 20
\BOOKMARK [2][-]{subsection.1.3.5}{Multiferroics and Multiferroic Composites}{section.1.3}% 21
\BOOKMARK [2][-]{subsection.1.3.6}{Giant Magnetoresistance}{section.1.3}% 22
\BOOKMARK [2][-]{subsection.1.3.7}{Tunnelling Magnetoresistance}{section.1.3}% 23
\BOOKMARK [1][-]{section.1.4}{Magnetic Thermal Annealing}{chapter.1}% 24
\BOOKMARK [1][-]{section.1.5}{Ferro-magnteic Resonance}{chapter.1}% 25
\BOOKMARK [1][-]{section.1.6}{Electron Beam Lithography}{chapter.1}% 26
\BOOKMARK [1][-]{section.1.7}{Atomic Force Microscopy}{chapter.1}% 27
\BOOKMARK [1][-]{section.1.8}{Vibrating Sample Magnetometer}{chapter.1}% 28
\BOOKMARK [1][-]{section.1.9}{X-ray Diffraction }{chapter.1}% 29
\BOOKMARK [1][-]{section.1.10}{X-ray Reflectivity}{chapter.1}% 30
\BOOKMARK [1][-]{section.1.11}{Signal generator: R\046S SMB100A}{chapter.1}% 31
\BOOKMARK [1][-]{section.1.12}{Power supply: R\046S NGL202}{chapter.1}% 32
\BOOKMARK [1][-]{section.1.13}{Spectrum analyzer: R\046S Spectrum rider FPH}{chapter.1}% 33
\BOOKMARK [1][-]{section.1.14}{Source Measuring Unit: Keithly 2450}{chapter.1}% 34
\BOOKMARK [1][-]{section.1.15}{Lock-in amplifier: SRS SR830}{chapter.1}% 35
\BOOKMARK [1][-]{section.1.16}{Probe station}{chapter.1}% 36
\BOOKMARK [1][-]{section.1.17}{Oscilloscope}{chapter.1}% 37
\BOOKMARK [1][-]{section.1.18}{Other experimental apparatus}{chapter.1}% 38
\BOOKMARK [2][-]{subsection.1.18.1}{Spin coater}{section.1.18}% 39
\BOOKMARK [2][-]{subsection.1.18.2}{Shaker}{section.1.18}% 40
\BOOKMARK [2][-]{subsection.1.18.3}{Hot plate}{section.1.18}% 41
\BOOKMARK [2][-]{subsection.1.18.4}{Ultrasonic cleaner}{section.1.18}% 42
\BOOKMARK [2][-]{subsection.1.18.5}{Hot air oven}{section.1.18}% 43
\BOOKMARK [2][-]{subsection.1.18.6}{Rota mantle}{section.1.18}% 44
\BOOKMARK [2][-]{subsection.1.18.7}{Nitrogen gun}{section.1.18}% 45
\BOOKMARK [2][-]{subsection.1.18.8}{Vacuum desiccator}{section.1.18}% 46
\BOOKMARK [2][-]{subsection.1.18.9}{Muffle furnace}{section.1.18}% 47
\BOOKMARK [2][-]{subsection.1.18.10}{Fume hood}{section.1.18}% 48
\BOOKMARK [0][-]{chapter.2}{Results}{}% 49
\BOOKMARK [1][-]{section.2.1}{Character recognition system using neural network}{chapter.2}% 50
\BOOKMARK [2][-]{subsection.2.1.1}{Neural architecture modeling}{section.2.1}% 51
\BOOKMARK [2][-]{subsection.2.1.2}{Model output}{section.2.1}% 52
\BOOKMARK [1][-]{section.2.2}{Improvement of magnetization using magnetic thermal annealing}{chapter.2}% 53
\BOOKMARK [1][-]{section.2.3}{Development of LabView environment for different instruments}{chapter.2}% 54
\BOOKMARK [2][-]{subsection.2.3.1}{Power supply}{section.2.3}% 55
\BOOKMARK [2][-]{subsection.2.3.2}{Electromagnet}{section.2.3}% 56
\BOOKMARK [2][-]{subsection.2.3.3}{Signal generator}{section.2.3}% 57
\BOOKMARK [2][-]{subsection.2.3.4}{Spectrum analyzer}{section.2.3}% 58
\BOOKMARK [2][-]{subsection.2.3.5}{Lock-in amplifier}{section.2.3}% 59
\BOOKMARK [1][-]{section.2.4}{Development of ferromagnetic resonance system}{chapter.2}% 60
\BOOKMARK [2][-]{subsection.2.4.1}{Characteristic impedance of coaxial cable}{section.2.4}% 61
\BOOKMARK [2][-]{subsection.2.4.2}{Measurement of loss in the coaxial cable, connectors and the waveguide}{section.2.4}% 62
\BOOKMARK [2][-]{subsection.2.4.3}{FMR result}{section.2.4}% 63
\BOOKMARK [2][-]{subsection.2.4.4}{Schottky diode measurement results}{section.2.4}% 64
\BOOKMARK [1][-]{section.2.5}{Electron beam lithography patterns}{chapter.2}% 65
\BOOKMARK [1][-]{section.2.6}{Sputtering deposition}{chapter.2}% 66
\BOOKMARK [1][-]{section.2.7}{Neuromorphic devices using multiferroics}{chapter.2}% 67
\BOOKMARK [2][-]{subsection.2.7.1}{Device architecture}{section.2.7}% 68
\BOOKMARK [2][-]{subsection.2.7.2}{Multiferroics}{section.2.7}% 69
\BOOKMARK [2][-]{subsection.2.7.3}{Read unit using tunnel junctions}{section.2.7}% 70
\BOOKMARK [0][-]{chapter.3}{Discussions and Conclusions}{}% 71
\BOOKMARK [1][-]{section.3.1}{Future plans}{chapter.3}% 72
\BOOKMARK [0][-]{chapter*.71}{Bibliography}{}% 73
