This is pdfTeX, Version 3.14159265-2.6-1.40.20 (MiKTeX 2.9.7140 64-bit) (preloaded format=pdflatex 2019.8.14)  12 APR 2022 11:51
entering extended mode
**./Thesis.tex
(Thesis.tex
LaTeX2e <2018-12-01>
("C:\Users\HP\AppData\Local\Programs\MiKTeX 2.9\tex/latex/base\book.cls"
Document Class: book 2018/09/03 v1.4i Standard LaTeX document class
("C:\Users\HP\AppData\Local\Programs\MiKTeX 2.9\tex/latex/base\bk12.clo"
File: bk12.clo 2018/09/03 v1.4i Standard LaTeX file (size option)
)
\c@part=\count80
\c@chapter=\count81
\c@section=\count82
\c@subsection=\count83
\c@subsubsection=\count84
\c@paragraph=\count85
\c@subparagraph=\count86
\c@figure=\count87
\c@table=\count88
\abovecaptionskip=\skip41
\belowcaptionskip=\skip42
\bibindent=\dimen102
)
("C:\Users\HP\AppData\Local\Programs\MiKTeX 2.9\tex/latex/setspace\setspace.sty
"
Package: setspace 2011/12/19 v6.7a set line spacing
)
("C:\Users\HP\AppData\Local\Programs\MiKTeX 2.9\tex/latex/tools\indentfirst.sty
"
Package: indentfirst 1995/11/23 v1.03 Indent first paragraph (DPC)
)
("C:\Users\HP\AppData\Local\Programs\MiKTeX 2.9\tex/latex/graphics\graphicx.sty
"
Package: graphicx 2017/06/01 v1.1a Enhanced LaTeX Graphics (DPC,SPQR)
 ("C:\Users\HP\AppData\Local\Programs\MiKTeX 2.9\tex/latex/graphics\keyval.sty"
Package: keyval 2014/10/28 v1.15 key=value parser (DPC)
\KV@toks@=\toks14
)
("C:\Users\HP\AppData\Local\Programs\MiKTeX 2.9\tex/latex/graphics\graphics.sty
"
Package: graphics 2017/06/25 v1.2c Standard LaTeX Graphics (DPC,SPQR)
 ("C:\Users\HP\AppData\Local\Programs\MiKTeX 2.9\tex/latex/graphics\trig.sty"
Package: trig 2016/01/03 v1.10 sin cos tan (DPC)
)
("C:\Users\HP\AppData\Local\Programs\MiKTeX 2.9\tex/latex/graphics-cfg\graphics
.cfg"
File: graphics.cfg 2016/06/04 v1.11 sample graphics configuration
)
Package graphics Info: Driver file: pdftex.def on input line 99.

("C:\Users\HP\AppData\Local\Programs\MiKTeX 2.9\tex/latex/graphics-def\pdftex.d
ef"
File: pdftex.def 2018/01/08 v1.0l Graphics/color driver for pdftex
))
\Gin@req@height=\dimen103
\Gin@req@width=\dimen104
)
("C:\Users\HP\AppData\Local\Programs\MiKTeX 2.9\tex/latex/subfigure\subfigure.s
ty"
Package: subfigure 2002/07/30 v2.1.4 subfigure package
\subfigtopskip=\skip43
\subfigcapskip=\skip44
\subfigcaptopadj=\dimen105
\subfigbottomskip=\skip45
\subfigcapmargin=\dimen106
\subfiglabelskip=\skip46
\c@subfigure=\count89
\c@lofdepth=\count90
\c@subtable=\count91
\c@lotdepth=\count92

****************************************
* Local config file subfigure.cfg used *
****************************************

("C:\Users\HP\AppData\Local\Programs\MiKTeX 2.9\tex/latex/subfigure\subfigure.c
fg")
\subfig@top=\skip47
\subfig@bottom=\skip48
) ("C:\Users\HP\AppData\Local\Programs\MiKTeX 2.9\tex/latex/float\float.sty"
Package: float 2001/11/08 v1.3d Float enhancements (AL)
\c@float@type=\count93
\float@exts=\toks15
\float@box=\box27
\@float@everytoks=\toks16
\@floatcapt=\box28
)
("C:\Users\HP\AppData\Local\Programs\MiKTeX 2.9\tex/latex/geometry\geometry.sty
"
Package: geometry 2018/04/16 v5.8 Page Geometry
 ("C:\Users\HP\AppData\Local\Programs\MiKTeX 2.9\tex/generic/oberdiek\ifpdf.sty
"
Package: ifpdf 2018/09/07 v3.3 Provides the ifpdf switch
)
("C:\Users\HP\AppData\Local\Programs\MiKTeX 2.9\tex/generic/oberdiek\ifvtex.sty
"
Package: ifvtex 2016/05/16 v1.6 Detect VTeX and its facilities (HO)
Package ifvtex Info: VTeX not detected.
)
("C:\Users\HP\AppData\Local\Programs\MiKTeX 2.9\tex/generic/ifxetex\ifxetex.sty
"
Package: ifxetex 2010/09/12 v0.6 Provides ifxetex conditional
)
\Gm@cnth=\count94
\Gm@cntv=\count95
\c@Gm@tempcnt=\count96
\Gm@bindingoffset=\dimen107
\Gm@wd@mp=\dimen108
\Gm@odd@mp=\dimen109
\Gm@even@mp=\dimen110
\Gm@layoutwidth=\dimen111
\Gm@layoutheight=\dimen112
\Gm@layouthoffset=\dimen113
\Gm@layoutvoffset=\dimen114
\Gm@dimlist=\toks17

("C:\Users\HP\AppData\Local\Programs\MiKTeX 2.9\tex/latex/geometry\geometry.cfg
")) ("C:\Users\HP\AppData\Local\Programs\MiKTeX 2.9\tex/latex/base\makeidx.sty"
Package: makeidx 2014/09/29 v1.0m Standard LaTeX package
)
\@indexfile=\write3
\openout3 = `Thesis.idx'.


Writing index file Thesis.idx
("C:\Users\HP\AppData\Local\Programs\MiKTeX 2.9\tex/latex/glossary\glossary.sty
"
Package: glossary 2006/07/20 2.4 (NLCT)
 ("C:\Users\HP\AppData\Local\Programs\MiKTeX 2.9\tex/latex/base\ifthen.sty"
Package: ifthen 2014/09/29 v1.1c Standard LaTeX ifthen package (DPC)
)
\gls@cols=\count97

No configuration file glossary.cfg found
("C:\Users\HP\AppData\Local\Programs\MiKTeX 2.9\tex/latex/tools\longtable.sty"
Package: longtable 2014/10/28 v4.11 Multi-page Table package (DPC)+ FMi change
\LTleft=\skip49
\LTright=\skip50
\LTpre=\skip51
\LTpost=\skip52
\LTchunksize=\count98
\LTcapwidth=\dimen115
\LT@head=\box29
\LT@firsthead=\box30
\LT@foot=\box31
\LT@lastfoot=\box32
\LT@cols=\count99
\LT@rows=\count100
\c@LT@tables=\count101
\c@LT@chunks=\count102
\LT@p@ftn=\toks18
)
\descriptionwidth=\skip53
\istfile=\write4
)
\@glossaryfile=\write5
\openout5 = `Thesis.glo'.


Writing glossary file Thesis.glo 
("C:\Users\HP\AppData\Local\Programs\MiKTeX 2.9\tex/latex/hyperref\hyperref.sty
"
Package: hyperref 2019/06/12 v6.88h Hypertext links for LaTeX

("C:\Users\HP\AppData\Local\Programs\MiKTeX 2.9\tex/generic/oberdiek\hobsub-hyp
erref.sty"
Package: hobsub-hyperref 2016/05/16 v1.14 Bundle oberdiek, subset hyperref (HO)


("C:\Users\HP\AppData\Local\Programs\MiKTeX 2.9\tex/generic/oberdiek\hobsub-gen
eric.sty"
Package: hobsub-generic 2016/05/16 v1.14 Bundle oberdiek, subset generic (HO)
Package: hobsub 2016/05/16 v1.14 Construct package bundles (HO)
Package: infwarerr 2016/05/16 v1.4 Providing info/warning/error messages (HO)
Package: ltxcmds 2016/05/16 v1.23 LaTeX kernel commands for general use (HO)
Package: ifluatex 2016/05/16 v1.4 Provides the ifluatex switch (HO)
Package ifluatex Info: LuaTeX not detected.
Package hobsub Info: Skipping package `ifvtex' (already loaded).
Package: intcalc 2016/05/16 v1.2 Expandable calculations with integers (HO)
Package hobsub Info: Skipping package `ifpdf' (already loaded).
Package: etexcmds 2016/05/16 v1.6 Avoid name clashes with e-TeX commands (HO)
Package: kvsetkeys 2016/05/16 v1.17 Key value parser (HO)
Package: kvdefinekeys 2016/05/16 v1.4 Define keys (HO)
Package: pdftexcmds 2019/07/25 v0.30 Utility functions of pdfTeX for LuaTeX (HO
)
Package pdftexcmds Info: LuaTeX not detected.
Package pdftexcmds Info: \pdf@primitive is available.
Package pdftexcmds Info: \pdf@ifprimitive is available.
Package pdftexcmds Info: \pdfdraftmode found.
Package: pdfescape 2016/05/16 v1.14 Implements pdfTeX's escape features (HO)
Package: bigintcalc 2016/05/16 v1.4 Expandable calculations on big integers (HO
)
Package: bitset 2016/05/16 v1.2 Handle bit-vector datatype (HO)
Package: uniquecounter 2016/05/16 v1.3 Provide unlimited unique counter (HO)
)
Package hobsub Info: Skipping package `hobsub' (already loaded).
Package: letltxmacro 2016/05/16 v1.5 Let assignment for LaTeX macros (HO)
Package: hopatch 2016/05/16 v1.3 Wrapper for package hooks (HO)
Package: xcolor-patch 2016/05/16 xcolor patch
Package: atveryend 2016/05/16 v1.9 Hooks at the very end of document (HO)
Package atveryend Info: \enddocument detected (standard20110627).
Package: atbegshi 2016/06/09 v1.18 At begin shipout hook (HO)
Package: refcount 2016/05/16 v3.5 Data extraction from label references (HO)
Package: hycolor 2016/05/16 v1.8 Color options for hyperref/bookmark (HO)
)
("C:\Users\HP\AppData\Local\Programs\MiKTeX 2.9\tex/latex/oberdiek\auxhook.sty"
Package: auxhook 2016/05/16 v1.4 Hooks for auxiliary files (HO)
)
("C:\Users\HP\AppData\Local\Programs\MiKTeX 2.9\tex/latex/oberdiek\kvoptions.st
y"
Package: kvoptions 2016/05/16 v3.12 Key value format for package options (HO)
)
\@linkdim=\dimen116
\Hy@linkcounter=\count103
\Hy@pagecounter=\count104

("C:\Users\HP\AppData\Local\Programs\MiKTeX 2.9\tex/latex/hyperref\pd1enc.def"
File: pd1enc.def 2019/06/12 v6.88h Hyperref: PDFDocEncoding definition (HO)
Now handling font encoding PD1 ...
... no UTF-8 mapping file for font encoding PD1
)
\Hy@SavedSpaceFactor=\count105
("C:\Users\HP\AppData\Local\Programs\MiKTeX 2.9\tex/latex/00miktex\hyperref.cfg
"
File: hyperref.cfg 2002/06/06 v1.2 hyperref configuration of TeXLive
)
Package hyperref Info: Hyper figures OFF on input line 4550.
Package hyperref Info: Link nesting OFF on input line 4555.
Package hyperref Info: Hyper index ON on input line 4558.
Package hyperref Info: Plain pages OFF on input line 4565.
Package hyperref Info: Backreferencing OFF on input line 4570.
Package hyperref Info: Implicit mode ON; LaTeX internals redefined.
Package hyperref Info: Bookmarks ON on input line 4803.
\c@Hy@tempcnt=\count106
 ("C:\Users\HP\AppData\Local\Programs\MiKTeX 2.9\tex/latex/url\url.sty"
\Urlmuskip=\muskip10
Package: url 2013/09/16  ver 3.4  Verb mode for urls, etc.
)
LaTeX Info: Redefining \url on input line 5156.
\XeTeXLinkMargin=\dimen117
\Fld@menulength=\count107
\Field@Width=\dimen118
\Fld@charsize=\dimen119
Package hyperref Info: Hyper figures OFF on input line 6411.
Package hyperref Info: Link nesting OFF on input line 6416.
Package hyperref Info: Hyper index ON on input line 6419.
Package hyperref Info: backreferencing OFF on input line 6426.
Package hyperref Info: Link coloring OFF on input line 6431.
Package hyperref Info: Link coloring with OCG OFF on input line 6436.
Package hyperref Info: PDF/A mode OFF on input line 6441.
LaTeX Info: Redefining \ref on input line 6481.
LaTeX Info: Redefining \pageref on input line 6485.
\Hy@abspage=\count108
\c@Item=\count109
\c@Hfootnote=\count110
)
Package hyperref Info: Driver: hpdftex.

("C:\Users\HP\AppData\Local\Programs\MiKTeX 2.9\tex/latex/hyperref\hpdftex.def"
File: hpdftex.def 2019/06/12 v6.88h Hyperref driver for pdfTeX
\Fld@listcount=\count111
\c@bookmark@seq@number=\count112

("C:\Users\HP\AppData\Local\Programs\MiKTeX 2.9\tex/latex/oberdiek\rerunfileche
ck.sty"
Package: rerunfilecheck 2016/05/16 v1.8 Rerun checks for auxiliary files (HO)
Package uniquecounter Info: New unique counter `rerunfilecheck' on input line 2
82.
)
\Hy@SectionHShift=\skip54
)
Package hyperref Info: Option `colorlinks' set `true' on input line 41.

("C:\Users\HP\AppData\Local\Programs\MiKTeX 2.9\tex/latex/amsmath\amsmath.sty"
Package: amsmath 2018/12/01 v2.17b AMS math features
\@mathmargin=\skip55

For additional information on amsmath, use the `?' option.
("C:\Users\HP\AppData\Local\Programs\MiKTeX 2.9\tex/latex/amsmath\amstext.sty"
Package: amstext 2000/06/29 v2.01 AMS text

("C:\Users\HP\AppData\Local\Programs\MiKTeX 2.9\tex/latex/amsmath\amsgen.sty"
File: amsgen.sty 1999/11/30 v2.0 generic functions
\@emptytoks=\toks19
\ex@=\dimen120
)) ("C:\Users\HP\AppData\Local\Programs\MiKTeX 2.9\tex/latex/amsmath\amsbsy.sty
"
Package: amsbsy 1999/11/29 v1.2d Bold Symbols
\pmbraise@=\dimen121
) ("C:\Users\HP\AppData\Local\Programs\MiKTeX 2.9\tex/latex/amsmath\amsopn.sty"
Package: amsopn 2016/03/08 v2.02 operator names
)
\inf@bad=\count113
LaTeX Info: Redefining \frac on input line 223.
\uproot@=\count114
\leftroot@=\count115
LaTeX Info: Redefining \overline on input line 385.
\classnum@=\count116
\DOTSCASE@=\count117
LaTeX Info: Redefining \ldots on input line 482.
LaTeX Info: Redefining \dots on input line 485.
LaTeX Info: Redefining \cdots on input line 606.
\Mathstrutbox@=\box33
\strutbox@=\box34
\big@size=\dimen122
LaTeX Font Info:    Redeclaring font encoding OML on input line 729.
LaTeX Font Info:    Redeclaring font encoding OMS on input line 730.
\macc@depth=\count118
\c@MaxMatrixCols=\count119
\dotsspace@=\muskip11
\c@parentequation=\count120
\dspbrk@lvl=\count121
\tag@help=\toks20
\row@=\count122
\column@=\count123
\maxfields@=\count124
\andhelp@=\toks21
\eqnshift@=\dimen123
\alignsep@=\dimen124
\tagshift@=\dimen125
\tagwidth@=\dimen126
\totwidth@=\dimen127
\lineht@=\dimen128
\@envbody=\toks22
\multlinegap=\skip56
\multlinetaggap=\skip57
\mathdisplay@stack=\toks23
LaTeX Info: Redefining \[ on input line 2844.
LaTeX Info: Redefining \] on input line 2845.
) ("C:\Users\HP\AppData\Local\Programs\MiKTeX 2.9\tex/latex/amscls\amsthm.sty"
Package: amsthm 2017/10/31 v2.20.4
\thm@style=\toks24
\thm@bodyfont=\toks25
\thm@headfont=\toks26
\thm@notefont=\toks27
\thm@headpunct=\toks28
\thm@preskip=\skip58
\thm@postskip=\skip59
\thm@headsep=\skip60
\dth@everypar=\toks29
) ("C:\Users\HP\AppData\Local\Programs\MiKTeX 2.9\tex/latex/amsfonts\amssymb.st
y"
Package: amssymb 2013/01/14 v3.01 AMS font symbols

("C:\Users\HP\AppData\Local\Programs\MiKTeX 2.9\tex/latex/amsfonts\amsfonts.sty
"
Package: amsfonts 2013/01/14 v3.01 Basic AMSFonts support
\symAMSa=\mathgroup4
\symAMSb=\mathgroup5
LaTeX Font Info:    Overwriting math alphabet `\mathfrak' in version `bold'
(Font)                  U/euf/m/n --> U/euf/b/n on input line 106.
)) ("C:\Users\HP\AppData\Local\Programs\MiKTeX 2.9\tex/latex/amsfonts\eucal.sty
"
Package: eucal 2009/06/22 v3.00 Euler Script fonts
LaTeX Font Info:    Overwriting math alphabet `\EuScript' in version `bold'
(Font)                  U/eus/m/n --> U/eus/b/n on input line 33.
)
("C:\Users\HP\AppData\Local\Programs\MiKTeX 2.9\tex/latex/multirow\multirow.sty
"
Package: multirow 2019/05/31 v2.5 Span multiple rows of a table
\multirow@colwidth=\skip61
\multirow@cntb=\count125
\multirow@dima=\skip62
\bigstrutjot=\dimen129
) ("C:\Users\HP\AppData\Local\Programs\MiKTeX 2.9\tex/latex/listing\listing.sty
"
Package: listing 1999/05/25

Package `listing', V1.2, <1999/05/25>
\c@listing=\count126
) ("C:\Users\HP\AppData\Local\Programs\MiKTeX 2.9\tex/latex/tocloft\tocloft.sty
"
Package: tocloft 2017/08/31 v2.3i parameterised ToC, etc., typesetting
Package tocloft Info: The document has chapter divisions on input line 51.
\cftparskip=\skip63
\cftbeforetoctitleskip=\skip64
\cftaftertoctitleskip=\skip65
\cftbeforepartskip=\skip66
\cftpartnumwidth=\skip67
\cftpartindent=\skip68
\cftbeforechapskip=\skip69
\cftchapindent=\skip70
\cftchapnumwidth=\skip71
\cftbeforesecskip=\skip72
\cftsecindent=\skip73
\cftsecnumwidth=\skip74
\cftbeforesubsecskip=\skip75
\cftsubsecindent=\skip76
\cftsubsecnumwidth=\skip77
\cftbeforesubsubsecskip=\skip78
\cftsubsubsecindent=\skip79
\cftsubsubsecnumwidth=\skip80
\cftbeforeparaskip=\skip81
\cftparaindent=\skip82
\cftparanumwidth=\skip83
\cftbeforesubparaskip=\skip84
\cftsubparaindent=\skip85
\cftsubparanumwidth=\skip86
\cftbeforeloftitleskip=\skip87
\cftafterloftitleskip=\skip88
\cftbeforefigskip=\skip89
\cftfigindent=\skip90
\cftfignumwidth=\skip91
\cftbeforelottitleskip=\skip92
\cftafterlottitleskip=\skip93
\cftbeforetabskip=\skip94
\cfttabindent=\skip95
\cfttabnumwidth=\skip96
\cftbeforesubfigskip=\skip97
\cftsubfigindent=\skip98
\cftsubfignumwidth=\skip99
\cftbeforesubtabskip=\skip100
\cftsubtabindent=\skip101
\cftsubtabnumwidth=\skip102
)
("C:\Users\HP\AppData\Local\Programs\MiKTeX 2.9\tex/latex/fancyhdr\fancyhdr.sty
"
Package: fancyhdr 2021/01/28 v4.0.1 Extensive control of page headers and foote
rs
\f@nch@headwidth=\skip103
\f@nch@O@elh=\skip104
\f@nch@O@erh=\skip105
\f@nch@O@olh=\skip106
\f@nch@O@orh=\skip107
\f@nch@O@elf=\skip108
\f@nch@O@erf=\skip109
\f@nch@O@olf=\skip110
\f@nch@O@orf=\skip111
) (Thesis.aux (FrontPage.aux) (Copyright.aux) (Abstract.aux) (Introduction.aux)
 (Results.aux) (FutureWorks.aux) (Vita.aux))
\openout1 = `Thesis.aux'.

LaTeX Font Info:    Checking defaults for OML/cmm/m/it on input line 145.
LaTeX Font Info:    ... okay on input line 145.
LaTeX Font Info:    Checking defaults for T1/cmr/m/n on input line 145.
LaTeX Font Info:    ... okay on input line 145.
LaTeX Font Info:    Checking defaults for OT1/cmr/m/n on input line 145.
LaTeX Font Info:    ... okay on input line 145.
LaTeX Font Info:    Checking defaults for OMS/cmsy/m/n on input line 145.
LaTeX Font Info:    ... okay on input line 145.
LaTeX Font Info:    Checking defaults for OMX/cmex/m/n on input line 145.
LaTeX Font Info:    ... okay on input line 145.
LaTeX Font Info:    Checking defaults for U/cmr/m/n on input line 145.
LaTeX Font Info:    ... okay on input line 145.
LaTeX Font Info:    Checking defaults for PD1/pdf/m/n on input line 145.
LaTeX Font Info:    ... okay on input line 145.

("C:\Users\HP\AppData\Local\Programs\MiKTeX 2.9\tex/context/base/mkii\supp-pdf.
mkii"
[Loading MPS to PDF converter (version 2006.09.02).]
\scratchcounter=\count127
\scratchdimen=\dimen130
\scratchbox=\box35
\nofMPsegments=\count128
\nofMParguments=\count129
\everyMPshowfont=\toks30
\MPscratchCnt=\count130
\MPscratchDim=\dimen131
\MPnumerator=\count131
\makeMPintoPDFobject=\count132
\everyMPtoPDFconversion=\toks31
)
("C:\Users\HP\AppData\Local\Programs\MiKTeX 2.9\tex/latex/oberdiek\epstopdf-bas
e.sty"
Package: epstopdf-base 2016/05/15 v2.6 Base part for package epstopdf

("C:\Users\HP\AppData\Local\Programs\MiKTeX 2.9\tex/latex/oberdiek\grfext.sty"
Package: grfext 2016/05/16 v1.2 Manage graphics extensions (HO)
)
Package epstopdf-base Info: Redefining graphics rule for `.eps' on input line 4
38.
Package grfext Info: Graphics extension search list:
(grfext)             [.PNG,.png,.eps]
(grfext)             \AppendGraphicsExtensions on input line 456.
)
*geometry* driver: auto-detecting
*geometry* detected driver: pdftex
*geometry* verbose mode - [ preamble ] result:
* driver: pdftex
* paper: a4paper
* layout: <same size as paper>
* layoutoffset:(h,v)=(0.0pt,0.0pt)
* modes: twoside 
* h-part:(L,W,R)=(56.9055pt, 483.69687pt, 56.9055pt)
* v-part:(T,H,B)=(56.9055pt, 717.00946pt, 71.13188pt)
* \paperwidth=597.50787pt
* \paperheight=845.04684pt
* \textwidth=483.69687pt
* \textheight=717.00946pt
* \oddsidemargin=-15.36449pt
* \evensidemargin=-15.36449pt
* \topmargin=-47.23828pt
* \headheight=12.0pt
* \headsep=19.8738pt
* \topskip=12.0pt
* \footskip=30.0pt
* \marginparwidth=88.0pt
* \marginparsep=7.0pt
* \columnsep=10.0pt
* \skip\footins=10.8pt plus 4.0pt minus 2.0pt
* \hoffset=0.0pt
* \voffset=0.0pt
* \mag=1000
* \@twocolumnfalse
* \@twosidetrue
* \@mparswitchtrue
* \@reversemarginfalse
* (1in=72.27pt=25.4mm, 1cm=28.453pt)

\AtBeginShipoutBox=\box36
("C:\Users\HP\AppData\Local\Programs\MiKTeX 2.9\tex/latex/graphics\color.sty"
Package: color 2016/07/10 v1.1e Standard LaTeX Color (DPC)

("C:\Users\HP\AppData\Local\Programs\MiKTeX 2.9\tex/latex/graphics-cfg\color.cf
g"
File: color.cfg 2016/01/02 v1.6 sample color configuration
)
Package color Info: Driver file: pdftex.def on input line 147.
)
Package hyperref Info: Link coloring ON on input line 145.

("C:\Users\HP\AppData\Local\Programs\MiKTeX 2.9\tex/latex/hyperref\nameref.sty"
Package: nameref 2016/05/21 v2.44 Cross-referencing by name of section

("C:\Users\HP\AppData\Local\Programs\MiKTeX 2.9\tex/generic/oberdiek\gettitlest
ring.sty"
Package: gettitlestring 2016/05/16 v1.5 Cleanup title references (HO)
)
\c@section@level=\count133
)
LaTeX Info: Redefining \ref on input line 145.
LaTeX Info: Redefining \pageref on input line 145.
LaTeX Info: Redefining \nameref on input line 145.
 (Thesis.out) (Thesis.out)
\@outlinefile=\write6
\openout6 = `Thesis.out'.

\openout2 = `FrontPage.aux'.


No file FrontPage.tex.
\openout2 = `Copyright.aux'.

No file Copyright.tex.
<Images/logo.png, id=247, 207.174pt x 208.8603pt>
File: Images/logo.png Graphic file (type png)
<use Images/logo.png>
Package pdftex.def Info: Images/logo.png  used on input line 186.
(pdftex.def)             Requested size: 145.0208pt x 146.2012pt.
[1

\openout4 = `Thesis.ist'.








{C:/Users/HP/AppData/Local/MiKTeX/2.9/pdftex/config/pdftex.map} <./Images/logo.
png>] [2

] (Thesis.toc
LaTeX Font Info:    Try loading font information for U+msa on input line 1.

("C:\Users\HP\AppData\Local\Programs\MiKTeX 2.9\tex/latex/amsfonts\umsa.fd"
File: umsa.fd 2013/01/14 v3.01 AMS symbols A
)
LaTeX Font Info:    Try loading font information for U+msb on input line 1.

("C:\Users\HP\AppData\Local\Programs\MiKTeX 2.9\tex/latex/amsfonts\umsb.fd"
File: umsb.fd 2013/01/14 v3.01 AMS symbols B
)
[3])
\tf@toc=\write7
\openout7 = `Thesis.toc'.

 [4] (Thesis.lof
LaTeX Font Info:    Try loading font information for OMS+cmr on input line 8.

("C:\Users\HP\AppData\Local\Programs\MiKTeX 2.9\tex/latex/base\omscmr.fd"
File: omscmr.fd 2014/09/29 v2.5h Standard LaTeX font definitions
)
LaTeX Font Info:    Font shape `OMS/cmr/m/n' in size <12> not available
(Font)              Font shape `OMS/cmsy/m/n' tried instead on input line 8.
)
\tf@lof=\write8
\openout8 = `Thesis.lof'.


[5

] [6

] (Thesis.lot)
\tf@lot=\write9
\openout9 = `Thesis.lot'.

 [7] [8

]
\openout2 = `Abstract.aux'.

 (Abstract.tex) [9

] [10


]
\openout2 = `Introduction.aux'.

 (Introduction.tex
Chapter 1.
LaTeX Font Info:    Try loading font information for U+euf on input line 4.
("C:\Users\HP\AppData\Local\Programs\MiKTeX 2.9\tex/latex/amsfonts\ueuf.fd"
File: ueuf.fd 2013/01/14 v3.01 Euler Fraktur
)
Underfull \vbox (badness 10000) has occurred while \output is active []

 [1


]
[2] [3] [4] [5]
<Images/19.png, id=427, 169.38281pt x 164.86594pt>
File: Images/19.png Graphic file (type png)
<use Images/19.png>
Package pdftex.def Info: Images/19.png  used on input line 88.
(pdftex.def)             Requested size: 94.85371pt x 92.32428pt.

Underfull \vbox (badness 10000) has occurred while \output is active []

 [6]
Underfull \hbox (badness 10000) in paragraph at lines 91--93

 []


Underfull \hbox (badness 10000) in paragraph at lines 91--93

 []

<Images/20.png, id=434, 496.85625pt x 280.04625pt>
File: Images/20.png Graphic file (type png)
<use Images/20.png>
Package pdftex.def Info: Images/20.png  used on input line 97.
(pdftex.def)             Requested size: 278.2376pt x 156.82481pt.

Underfull \hbox (badness 10000) in paragraph at lines 94--99

 []

[7 <./Images/19.png> <./Images/20.png>]
Underfull \hbox (badness 10000) in paragraph at lines 105--111

 []


Underfull \hbox (badness 10000) in paragraph at lines 105--111

 []


Underfull \hbox (badness 10000) in paragraph at lines 105--111

 []

<Images/21.png, id=441, 517.935pt x 270.25969pt>
File: Images/21.png Graphic file (type png)
<use Images/21.png>
Package pdftex.def Info: Images/21.png  used on input line 115.
(pdftex.def)             Requested size: 290.04161pt x 151.34438pt.

Underfull \hbox (badness 10000) in paragraph at lines 112--117

 []


Underfull \vbox (badness 10000) has occurred while \output is active []

 [8]
<Images/22.png, id=447, 426.09187pt x 174.6525pt>
File: Images/22.png Graphic file (type png)
<use Images/22.png>
Package pdftex.def Info: Images/22.png  used on input line 130.
(pdftex.def)             Requested size: 238.60982pt x 97.80472pt.

Underfull \vbox (badness 10000) has occurred while \output is active []

 [9 <./Images/21.png>]
<Images/23.png, id=454, 374.90062pt x 158.09062pt>
File: Images/23.png Graphic file (type png)
<use Images/23.png>
Package pdftex.def Info: Images/23.png  used on input line 136.
(pdftex.def)             Requested size: 209.94292pt x 88.53014pt.

Underfull \hbox (badness 10000) in paragraph at lines 139--140

 []

<Images/24.png, id=455, 444.15938pt x 267.24844pt>
File: Images/24.png Graphic file (type png)
<use Images/24.png>
Package pdftex.def Info: Images/24.png  used on input line 146.
(pdftex.def)             Requested size: 248.72754pt x 149.6581pt.
[10 <./Images/22.png> <./Images/23.png>]
<Images/18.png, id=462, 313.17pt x 275.52937pt>
File: Images/18.png Graphic file (type png)
<use Images/18.png>
Package pdftex.def Info: Images/18.png  used on input line 157.
(pdftex.def)             Requested size: 175.374pt x 154.29538pt.

Underfull \vbox (badness 10000) has occurred while \output is active []

 [11 <./Images/24.png>] [12 <./Images/18.png>]
<Images/25.png, id=473, 550.30594pt x 392.21532pt>
File: Images/25.png Graphic file (type png)
<use Images/25.png>
Package pdftex.def Info: Images/25.png  used on input line 173.
(pdftex.def)             Requested size: 308.16922pt x 219.63907pt.
 [13 <./Images/25.png>]
<Images/26.png, id=479, 417.05812pt x 234.8775pt>
File: Images/26.png Graphic file (type png)
<use Images/26.png>
Package pdftex.def Info: Images/26.png  used on input line 184.
(pdftex.def)             Requested size: 233.55095pt x 131.5305pt.
 [14 <./Images/26.png>]
<Images/27.png, id=485, 752.8125pt x 274.77657pt>
File: Images/27.png Graphic file (type png)
<use Images/27.png>
Package pdftex.def Info: Images/27.png  used on input line 198.
(pdftex.def)             Requested size: 421.57211pt x 153.87381pt.

Underfull \vbox (badness 4429) has occurred while \output is active []

 [15 <./Images/27.png>]
Underfull \vbox (badness 4416) has occurred while \output is active []

 [16]
Underfull \hbox (badness 10000) in paragraph at lines 223--225

 []


Underfull \vbox (badness 10000) has occurred while \output is active []

 [17]
<Images/4.png, id=503, 237.88875pt x 151.16475pt>
File: Images/4.png Graphic file (type png)
<use Images/4.png>
Package pdftex.def Info: Images/4.png  used on input line 246.
(pdftex.def)             Requested size: 133.21678pt x 84.65167pt.

[18 <./Images/4.png>]
<Images/5.png, id=509, 311.36325pt x 151.767pt>
File: Images/5.png Graphic file (type png)
<use Images/5.png>
Package pdftex.def Info: Images/5.png  used on input line 254.
(pdftex.def)             Requested size: 174.36223pt x 84.98892pt.
<Images/6.png, id=510, 298.11375pt x 168.63pt>
File: Images/6.png Graphic file (type png)
<use Images/6.png>
Package pdftex.def Info: Images/6.png  used on input line 262.
(pdftex.def)             Requested size: 166.94255pt x 94.43214pt.
<Images/7.png, id=511, 254.1495pt x 150.5625pt>
File: Images/7.png Graphic file (type png)
<use Images/7.png>
Package pdftex.def Info: Images/7.png  used on input line 270.
(pdftex.def)             Requested size: 142.32274pt x 84.3144pt.

Underfull \vbox (badness 4859) has occurred while \output is active []

 [19 <./Images/5.png> <./Images/6.png>]
<Images/8.png, id=518, 287.27325pt x 148.1535pt>
File: Images/8.png Graphic file (type png)
<use Images/8.png>
Package pdftex.def Info: Images/8.png  used on input line 278.
(pdftex.def)             Requested size: 160.87192pt x 82.9654pt.
<Images/9.png, id=519, 269.20575pt x 163.20975pt>
File: Images/9.png Graphic file (type png)
<use Images/9.png>
Package pdftex.def Info: Images/9.png  used on input line 286.
(pdftex.def)             Requested size: 150.75418pt x 91.39682pt.
<Images/10.png, id=520, 308.95425pt x 374.5995pt>
File: Images/10.png Graphic file (type png)
<use Images/10.png>
Package pdftex.def Info: Images/10.png  used on input line 293.
(pdftex.def)             Requested size: 173.0132pt x 209.77429pt.

Underfull \vbox (badness 2600) has occurred while \output is active []

 [20 <./Images/7.png> <./Images/8.png> <./Images/9.png>]
<Images/11.png, id=528, 410.7345pt x 157.18726pt>
File: Images/11.png Graphic file (type png)
<use Images/11.png>
Package pdftex.def Info: Images/11.png  used on input line 300.
(pdftex.def)             Requested size: 230.00975pt x 88.02425pt.
<Images/12.png, id=529, 305.34074pt x 174.6525pt>
File: Images/12.png Graphic file (type png)
<use Images/12.png>
Package pdftex.def Info: Images/12.png  used on input line 307.
(pdftex.def)             Requested size: 170.98964pt x 97.80472pt.
<Images/13.png, id=530, 127.07475pt x 189.70876pt>
File: Images/13.png Graphic file (type png)
<use Images/13.png>
Package pdftex.def Info: Images/13.png  used on input line 314.
(pdftex.def)             Requested size: 71.16136pt x 106.23616pt.
 [21 <./Images/10.png> <./Images/11.png> <./Images/12.png>]
<Images/14.png, id=539, 211.992pt x 136.1085pt>
File: Images/14.png Graphic file (type png)
<use Images/14.png>
Package pdftex.def Info: Images/14.png  used on input line 321.
(pdftex.def)             Requested size: 118.71469pt x 76.22023pt.
<Images/15.png, id=540, 245.11575pt x 109.6095pt>
File: Images/15.png Graphic file (type png)
<use Images/15.png>
Package pdftex.def Info: Images/15.png  used on input line 328.
(pdftex.def)             Requested size: 137.26387pt x 61.38087pt.
<Images/16.png, id=541, 272.81924pt x 161.403pt>
File: Images/16.png Graphic file (type png)
<use Images/16.png>
Package pdftex.def Info: Images/16.png  used on input line 335.
(pdftex.def)             Requested size: 152.77773pt x 90.38506pt.
<Images/17.png, id=542, 281.25075pt x 141.52875pt>
File: Images/17.png Graphic file (type png)
<use Images/17.png>
Package pdftex.def Info: Images/17.png  used on input line 342.
(pdftex.def)             Requested size: 157.49933pt x 79.25555pt.
 [22 <./Images/13.png> <./Images/14.png> <./Images/15.png> <./Images/16.png>]

LaTeX Warning: Citation `chika97' on page 23 undefined on input line 353.


LaTeX Warning: Citation `brown68' on page 23 undefined on input line 353.

) [23 <./Images/17.png>]
\openout2 = `Results.aux'.

 (Results.tex [24



]
Chapter 2.
) [25]
\openout2 = `FutureWorks.aux'.

 (FutureWorks.tex [26



]
Chapter 3.
) [27] [28


]
No file Thesis.bbl.
\openout2 = `Vita.aux'.

(Vita.tex) [29


]
Package atveryend Info: Empty hook `BeforeClearDocument' on input line 263.
Package atveryend Info: Empty hook `AfterLastShipout' on input line 263.
 (Thesis.aux (FrontPage.aux) (Copyright.aux) (Abstract.aux)
(Introduction.aux) (Results.aux) (FutureWorks.aux) (Vita.aux))
Package atveryend Info: Executing hook `AtVeryEndDocument' on input line 263.
Package atveryend Info: Executing hook `AtEndAfterFileList' on input line 263.
Package rerunfilecheck Info: File `Thesis.out' has not changed.
(rerunfilecheck)             Checksum: BBBE73C0C9BB59671902E56CB5A4760D;4359.


LaTeX Warning: There were undefined references.

Package atveryend Info: Empty hook `AtVeryVeryEnd' on input line 263.
 ) 
Here is how much of TeX's memory you used:
 8073 strings out of 492895
 118622 string characters out of 3125136
 225676 words of memory out of 3000000
 11663 multiletter control sequences out of 15000+200000
 15865 words of font info for 61 fonts, out of 3000000 for 9000
 1141 hyphenation exceptions out of 8191
 28i,12n,47p,2068b,368s stack positions out of 5000i,500n,10000p,200000b,50000s
<C:/Users/HP/AppData/Local/Programs/MiKTeX 2.9/fonts/type1/public/amsfonts/cm
/cmbx12.pfb><C:/Users/HP/AppData/Local/Programs/MiKTeX 2.9/fonts/type1/public/a
msfonts/cm/cmex10.pfb><C:/Users/HP/AppData/Local/Programs/MiKTeX 2.9/fonts/type
1/public/amsfonts/cm/cmmi12.pfb><C:/Users/HP/AppData/Local/Programs/MiKTeX 2.9/
fonts/type1/public/amsfonts/cm/cmmi6.pfb><C:/Users/HP/AppData/Local/Programs/Mi
KTeX 2.9/fonts/type1/public/amsfonts/cm/cmmi8.pfb><C:/Users/HP/AppData/Local/Pr
ograms/MiKTeX 2.9/fonts/type1/public/amsfonts/cm/cmr12.pfb><C:/Users/HP/AppData
/Local/Programs/MiKTeX 2.9/fonts/type1/public/amsfonts/cm/cmr6.pfb><C:/Users/HP
/AppData/Local/Programs/MiKTeX 2.9/fonts/type1/public/amsfonts/cm/cmr8.pfb><C:/
Users/HP/AppData/Local/Programs/MiKTeX 2.9/fonts/type1/public/amsfonts/cm/cmsy1
0.pfb><C:/Users/HP/AppData/Local/Programs/MiKTeX 2.9/fonts/type1/public/amsfont
s/cm/cmsy8.pfb><C:/Users/HP/AppData/Local/Programs/MiKTeX 2.9/fonts/type1/publi
c/amsfonts/euler/eufm10.pfb>
Output written on Thesis.pdf (39 pages, 3349146 bytes).
PDF statistics:
 647 PDF objects out of 1000 (max. 8388607)
 125 named destinations out of 1000 (max. 500000)
 614 words of extra memory for PDF output out of 10000 (max. 10000000)

